2025-04-04 21:05:07 [INFO] com.mjc.school.Main - [32mWe start method main() in Class Main[0m
2025-04-04 21:05:07 [INFO] org.hibernate.validator.internal.util.Version - HV000001: Hibernate Validator 6.2.5.Final
2025-04-04 21:05:07 [INFO] com.mjc.school.Main - Starting Main using Java 17.0.14 on Mac with PID 1311 (/Users/macpro/Desktop/code/MJC_School/stage3-module3-task/module-main/build/classes/java/main started by macpro in /Users/macpro/Desktop/code/MJC_School/stage3-module3-task)
2025-04-04 21:05:07 [DEBUG] com.mjc.school.Main - Running with Spring Boot v2.7.7, Spring v5.3.24
2025-04-04 21:05:07 [INFO] com.mjc.school.Main - No active profile set, falling back to 1 default profile: "default"
2025-04-04 21:05:07 [INFO] org.springframework.data.repository.config.RepositoryConfigurationDelegate - Bootstrapping Spring Data JPA repositories in DEFAULT mode.
2025-04-04 21:05:07 [INFO] org.springframework.data.repository.config.RepositoryConfigurationDelegate - Finished Spring Data repository scanning in 3 ms. Found 0 JPA repository interfaces.
2025-04-04 21:05:07 [INFO] org.springframework.boot.web.embedded.tomcat.TomcatWebServer - Tomcat initialized with port(s): 8080 (http)
2025-04-04 21:05:07 [INFO] org.apache.coyote.http11.Http11NioProtocol - Initializing ProtocolHandler ["http-nio-8080"]
2025-04-04 21:05:07 [INFO] org.apache.catalina.core.StandardService - Starting service [Tomcat]
2025-04-04 21:05:07 [INFO] org.apache.catalina.core.StandardEngine - Starting Servlet engine: [Apache Tomcat/9.0.70]
2025-04-04 21:05:07 [INFO] org.apache.catalina.core.ContainerBase.[Tomcat].[localhost].[/] - Initializing Spring embedded WebApplicationContext
2025-04-04 21:05:07 [INFO] org.springframework.boot.web.servlet.context.ServletWebServerApplicationContext - Root WebApplicationContext: initialization completed in 448 ms
2025-04-04 21:05:07 [INFO] com.zaxxer.hikari.HikariDataSource - HikariPool-1 - Starting...
2025-04-04 21:05:07 [INFO] com.zaxxer.hikari.HikariDataSource - HikariPool-1 - Start completed.
2025-04-04 21:05:07 [INFO] org.springframework.boot.autoconfigure.h2.H2ConsoleAutoConfiguration - H2 console available at '/h2-console'. Database available at 'jdbc:h2:mem:testdb'
2025-04-04 21:05:08 [INFO] org.hibernate.jpa.internal.util.LogHelper - HHH000204: Processing PersistenceUnitInfo [name: default]
2025-04-04 21:05:08 [INFO] org.hibernate.Version - HHH000412: Hibernate ORM core version 5.6.14.Final
2025-04-04 21:05:08 [INFO] org.hibernate.annotations.common.Version - HCANN000001: Hibernate Commons Annotations {5.1.2.Final}
2025-04-04 21:05:08 [INFO] org.hibernate.dialect.Dialect - HHH000400: Using dialect: org.hibernate.dialect.H2Dialect
2025-04-04 21:05:08 [INFO] org.hibernate.engine.transaction.jta.platform.internal.JtaPlatformInitiator - HHH000490: Using JtaPlatform implementation: [org.hibernate.engine.transaction.jta.platform.internal.NoJtaPlatform]
2025-04-04 21:05:08 [INFO] org.springframework.orm.jpa.LocalContainerEntityManagerFactoryBean - Initialized JPA EntityManagerFactory for persistence unit 'default'
2025-04-04 21:05:08 [INFO] com.mjc.school.controller.implementation.NewsController - NewsController initialized with service: ImplementNewsService$$EnhancerBySpringCGLIB$$4ff02df5
2025-04-04 21:05:08 [INFO] com.mjc.school.controller.implementation.AuthorController - AuthorController initialized with service: ImplementAuthorService$$EnhancerBySpringCGLIB$$af01518d
2025-04-04 21:05:08 [INFO] com.mjc.school.operation.OperationEngine - Initialized with 2 controllers: ArrayList
2025-04-04 21:05:08 [WARN] org.springframework.boot.autoconfigure.orm.jpa.JpaBaseConfiguration$JpaWebConfiguration - spring.jpa.open-in-view is enabled by default. Therefore, database queries may be performed during view rendering. Explicitly configure spring.jpa.open-in-view to disable this warning
2025-04-04 21:05:08 [INFO] org.apache.coyote.http11.Http11NioProtocol - Starting ProtocolHandler ["http-nio-8080"]
2025-04-04 21:05:08 [INFO] org.springframework.boot.web.embedded.tomcat.TomcatWebServer - Tomcat started on port(s): 8080 (http) with context path ''
2025-04-04 21:05:08 [INFO] com.mjc.school.Main - Started Main in 1.215 seconds (JVM running for 1.372)
2025-04-04 21:05:22 [INFO] org.apache.catalina.core.ContainerBase.[Tomcat].[localhost].[/] - Initializing Spring DispatcherServlet 'dispatcherServlet'
2025-04-04 21:05:22 [INFO] org.springframework.web.servlet.DispatcherServlet - Initializing Servlet 'dispatcherServlet'
2025-04-04 21:05:22 [INFO] org.springframework.web.servlet.DispatcherServlet - Completed initialization in 1 ms
2025-04-04 21:09:44 [INFO] com.mjc.school.operation.OperationEngine - Processing operation input: '0'
2025-04-04 21:09:44 [INFO] org.springframework.orm.jpa.LocalContainerEntityManagerFactoryBean - Closing JPA EntityManagerFactory for persistence unit 'default'
2025-04-04 21:09:44 [INFO] com.zaxxer.hikari.HikariDataSource - HikariPool-1 - Shutdown initiated...
2025-04-04 21:09:44 [INFO] com.zaxxer.hikari.HikariDataSource - HikariPool-1 - Shutdown completed.
