2025-04-29 18:05:17 [INFO] com.mjc.school.Main - [32mWe start method main() in Class Main[0m
2025-04-29 18:05:17 [INFO] org.hibernate.validator.internal.util.Version - HV000001: Hibernate Validator 6.2.5.Final
2025-04-29 18:05:17 [INFO] com.mjc.school.Main - Starting Main using Java 17.0.14 on Mac with PID 4780 (/Users/macpro/Desktop/code/MJC_School/stage3-module3-task/module-main/build/classes/java/main started by macpro in /Users/macpro/Desktop/code/MJC_School/stage3-module3-task)
2025-04-29 18:05:17 [DEBUG] com.mjc.school.Main - Running with Spring Boot v2.7.7, Spring v5.3.24
2025-04-29 18:05:17 [INFO] com.mjc.school.Main - No active profile set, falling back to 1 default profile: "default"
2025-04-29 18:05:17 [INFO] org.springframework.data.repository.config.RepositoryConfigurationDelegate - Bootstrapping Spring Data JPA repositories in DEFAULT mode.
2025-04-29 18:05:17 [INFO] org.springframework.data.repository.config.RepositoryConfigurationDelegate - Finished Spring Data repository scanning in 3 ms. Found 0 JPA repository interfaces.
2025-04-29 18:05:17 [INFO] org.springframework.boot.web.embedded.tomcat.TomcatWebServer - Tomcat initialized with port(s): 8080 (http)
2025-04-29 18:05:17 [INFO] org.apache.coyote.http11.Http11NioProtocol - Initializing ProtocolHandler ["http-nio-8080"]
2025-04-29 18:05:17 [INFO] org.apache.catalina.core.StandardService - Starting service [Tomcat]
2025-04-29 18:05:17 [INFO] org.apache.catalina.core.StandardEngine - Starting Servlet engine: [Apache Tomcat/9.0.70]
2025-04-29 18:05:17 [INFO] org.apache.catalina.core.ContainerBase.[Tomcat].[localhost].[/] - Initializing Spring embedded WebApplicationContext
2025-04-29 18:05:17 [INFO] org.springframework.boot.web.servlet.context.ServletWebServerApplicationContext - Root WebApplicationContext: initialization completed in 440 ms
2025-04-29 18:05:17 [INFO] com.zaxxer.hikari.HikariDataSource - HikariPool-1 - Starting...
2025-04-29 18:05:17 [INFO] com.zaxxer.hikari.HikariDataSource - HikariPool-1 - Start completed.
2025-04-29 18:05:17 [INFO] org.springframework.boot.autoconfigure.h2.H2ConsoleAutoConfiguration - H2 console available at '/h2-console'. Database available at 'jdbc:h2:mem:testdb'
2025-04-29 18:05:17 [INFO] org.hibernate.jpa.internal.util.LogHelper - HHH000204: Processing PersistenceUnitInfo [name: default]
2025-04-29 18:05:17 [INFO] org.hibernate.Version - HHH000412: Hibernate ORM core version 5.6.14.Final
2025-04-29 18:05:18 [INFO] org.hibernate.annotations.common.Version - HCANN000001: Hibernate Commons Annotations {5.1.2.Final}
2025-04-29 18:05:18 [INFO] org.hibernate.dialect.Dialect - HHH000400: Using dialect: org.hibernate.dialect.H2Dialect
2025-04-29 18:05:18 [INFO] org.hibernate.engine.transaction.jta.platform.internal.JtaPlatformInitiator - HHH000490: Using JtaPlatform implementation: [org.hibernate.engine.transaction.jta.platform.internal.NoJtaPlatform]
2025-04-29 18:05:18 [INFO] org.springframework.orm.jpa.LocalContainerEntityManagerFactoryBean - Initialized JPA EntityManagerFactory for persistence unit 'default'
2025-04-29 18:05:18 [INFO] com.mjc.school.controller.implementation.NewsController - NewsController initialized with service: ImplementNewsService$$EnhancerBySpringCGLIB$$2016ce8e
2025-04-29 18:05:18 [INFO] com.mjc.school.controller.implementation.AuthorController - AuthorController initialized with service: ImplementAuthorService$$EnhancerBySpringCGLIB$$9f117d6e
2025-04-29 18:05:18 [INFO] com.mjc.school.controller.implementation.TagController - AuthorController initialized with service: ImplementTagService
2025-04-29 18:05:18 [INFO] com.mjc.school.operation.OperationEngine - Initialized with 3 controllers: ArrayList
2025-04-29 18:05:18 [WARN] org.springframework.boot.autoconfigure.orm.jpa.JpaBaseConfiguration$JpaWebConfiguration - spring.jpa.open-in-view is enabled by default. Therefore, database queries may be performed during view rendering. Explicitly configure spring.jpa.open-in-view to disable this warning
2025-04-29 18:05:18 [INFO] org.apache.coyote.http11.Http11NioProtocol - Starting ProtocolHandler ["http-nio-8080"]
2025-04-29 18:05:18 [INFO] org.springframework.boot.web.embedded.tomcat.TomcatWebServer - Tomcat started on port(s): 8080 (http) with context path ''
2025-04-29 18:05:18 [INFO] com.mjc.school.Main - Started Main in 1.169 seconds (JVM running for 1.336)
2025-04-29 18:07:46 [INFO] com.mjc.school.operation.OperationEngine - Processing operation input: '11'
2025-04-29 18:07:46 [INFO] com.mjc.school.controller.implementation.TagController - Controller tag component -> Fetching all tags
2025-04-29 18:07:46 [DEBUG] org.hibernate.SQL - 
    select
        tagmodel0_.id as id1_3_,
        tagmodel0_.create_date as create_d2_3_,
        tagmodel0_.last_update_date as last_upd3_3_,
        tagmodel0_.name as name4_3_ 
    from
        tag tagmodel0_
2025-04-29 18:08:06 [INFO] com.mjc.school.operation.OperationEngine - Processing operation input: '0'
2025-04-29 18:08:06 [INFO] org.springframework.orm.jpa.LocalContainerEntityManagerFactoryBean - Closing JPA EntityManagerFactory for persistence unit 'default'
2025-04-29 18:08:06 [INFO] com.zaxxer.hikari.HikariDataSource - HikariPool-1 - Shutdown initiated...
2025-04-29 18:08:06 [INFO] com.zaxxer.hikari.HikariDataSource - HikariPool-1 - Shutdown completed.
2025-04-29 18:19:05 [INFO] com.mjc.school.Main - [32mWe start method main() in Class Main[0m
2025-04-29 18:19:06 [INFO] org.hibernate.validator.internal.util.Version - HV000001: Hibernate Validator 6.2.5.Final
2025-04-29 18:19:06 [INFO] com.mjc.school.Main - Starting Main using Java 17.0.14 on Mac with PID 5046 (/Users/macpro/Desktop/code/MJC_School/stage3-module3-task/module-main/build/classes/java/main started by macpro in /Users/macpro/Desktop/code/MJC_School/stage3-module3-task)
2025-04-29 18:19:06 [DEBUG] com.mjc.school.Main - Running with Spring Boot v2.7.7, Spring v5.3.24
2025-04-29 18:19:06 [INFO] com.mjc.school.Main - No active profile set, falling back to 1 default profile: "default"
2025-04-29 18:19:06 [INFO] org.springframework.data.repository.config.RepositoryConfigurationDelegate - Bootstrapping Spring Data JPA repositories in DEFAULT mode.
2025-04-29 18:19:06 [INFO] org.springframework.data.repository.config.RepositoryConfigurationDelegate - Finished Spring Data repository scanning in 4 ms. Found 0 JPA repository interfaces.
2025-04-29 18:19:06 [INFO] org.springframework.boot.web.embedded.tomcat.TomcatWebServer - Tomcat initialized with port(s): 8080 (http)
2025-04-29 18:19:06 [INFO] org.apache.coyote.http11.Http11NioProtocol - Initializing ProtocolHandler ["http-nio-8080"]
2025-04-29 18:19:06 [INFO] org.apache.catalina.core.StandardService - Starting service [Tomcat]
2025-04-29 18:19:06 [INFO] org.apache.catalina.core.StandardEngine - Starting Servlet engine: [Apache Tomcat/9.0.70]
2025-04-29 18:19:06 [INFO] org.apache.catalina.core.ContainerBase.[Tomcat].[localhost].[/] - Initializing Spring embedded WebApplicationContext
2025-04-29 18:19:06 [INFO] org.springframework.boot.web.servlet.context.ServletWebServerApplicationContext - Root WebApplicationContext: initialization completed in 381 ms
2025-04-29 18:19:06 [INFO] com.zaxxer.hikari.HikariDataSource - HikariPool-1 - Starting...
2025-04-29 18:19:06 [INFO] com.zaxxer.hikari.HikariDataSource - HikariPool-1 - Start completed.
2025-04-29 18:19:06 [INFO] org.springframework.boot.autoconfigure.h2.H2ConsoleAutoConfiguration - H2 console available at '/h2-console'. Database available at 'jdbc:h2:mem:testdb'
2025-04-29 18:19:06 [INFO] org.hibernate.jpa.internal.util.LogHelper - HHH000204: Processing PersistenceUnitInfo [name: default]
2025-04-29 18:19:06 [INFO] org.hibernate.Version - HHH000412: Hibernate ORM core version 5.6.14.Final
2025-04-29 18:19:06 [INFO] org.hibernate.annotations.common.Version - HCANN000001: Hibernate Commons Annotations {5.1.2.Final}
2025-04-29 18:19:06 [INFO] org.hibernate.dialect.Dialect - HHH000400: Using dialect: org.hibernate.dialect.H2Dialect
2025-04-29 18:19:06 [INFO] org.hibernate.engine.transaction.jta.platform.internal.JtaPlatformInitiator - HHH000490: Using JtaPlatform implementation: [org.hibernate.engine.transaction.jta.platform.internal.NoJtaPlatform]
2025-04-29 18:19:06 [INFO] org.springframework.orm.jpa.LocalContainerEntityManagerFactoryBean - Initialized JPA EntityManagerFactory for persistence unit 'default'
2025-04-29 18:19:06 [INFO] com.mjc.school.controller.implementation.NewsController - NewsController initialized with service: ImplementNewsService$$EnhancerBySpringCGLIB$$f9e27450
2025-04-29 18:19:06 [INFO] com.mjc.school.controller.implementation.AuthorController - AuthorController initialized with service: ImplementAuthorService$$EnhancerBySpringCGLIB$$128aee05
2025-04-29 18:19:06 [INFO] com.mjc.school.controller.implementation.TagController - AuthorController initialized with service: ImplementTagService
2025-04-29 18:19:06 [INFO] com.mjc.school.operation.OperationEngine - Initialized with 3 controllers: ArrayList
2025-04-29 18:19:06 [WARN] org.springframework.boot.autoconfigure.orm.jpa.JpaBaseConfiguration$JpaWebConfiguration - spring.jpa.open-in-view is enabled by default. Therefore, database queries may be performed during view rendering. Explicitly configure spring.jpa.open-in-view to disable this warning
2025-04-29 18:19:06 [INFO] org.apache.coyote.http11.Http11NioProtocol - Starting ProtocolHandler ["http-nio-8080"]
2025-04-29 18:19:06 [INFO] org.springframework.boot.web.embedded.tomcat.TomcatWebServer - Tomcat started on port(s): 8080 (http) with context path ''
2025-04-29 18:19:06 [INFO] com.mjc.school.Main - Started Main in 1.042 seconds (JVM running for 1.18)
2025-04-29 18:19:13 [INFO] com.mjc.school.operation.OperationEngine - Processing operation input: '12'
2025-04-29 18:19:13 [INFO] com.mjc.school.operation.OperationReader - Reading parameters for GetTagByIdCommand
2025-04-29 18:19:20 [ERROR] com.mjc.school.operation.OperationEngine - No handler found for operation: 12 - Get Tag by id
2025-04-29 18:19:20 [WARN] com.mjc.school.operation.OperationEngine - Invalid operation input: Command not found, we do not perform such operation Operation class
2025-04-29 18:20:05 [INFO] com.mjc.school.operation.OperationEngine - Processing operation input: '0'
2025-04-29 18:20:05 [INFO] org.springframework.orm.jpa.LocalContainerEntityManagerFactoryBean - Closing JPA EntityManagerFactory for persistence unit 'default'
2025-04-29 18:20:05 [INFO] com.zaxxer.hikari.HikariDataSource - HikariPool-1 - Shutdown initiated...
2025-04-29 18:20:05 [INFO] com.zaxxer.hikari.HikariDataSource - HikariPool-1 - Shutdown completed.
2025-04-29 18:22:51 [INFO] com.mjc.school.Main - [32mWe start method main() in Class Main[0m
2025-04-29 18:22:51 [INFO] org.hibernate.validator.internal.util.Version - HV000001: Hibernate Validator 6.2.5.Final
2025-04-29 18:22:51 [INFO] com.mjc.school.Main - Starting Main using Java 17.0.14 on Mac with PID 5118 (/Users/macpro/Desktop/code/MJC_School/stage3-module3-task/module-main/build/classes/java/main started by macpro in /Users/macpro/Desktop/code/MJC_School/stage3-module3-task)
2025-04-29 18:22:51 [DEBUG] com.mjc.school.Main - Running with Spring Boot v2.7.7, Spring v5.3.24
2025-04-29 18:22:51 [INFO] com.mjc.school.Main - No active profile set, falling back to 1 default profile: "default"
2025-04-29 18:22:51 [INFO] org.springframework.data.repository.config.RepositoryConfigurationDelegate - Bootstrapping Spring Data JPA repositories in DEFAULT mode.
2025-04-29 18:22:51 [INFO] org.springframework.data.repository.config.RepositoryConfigurationDelegate - Finished Spring Data repository scanning in 3 ms. Found 0 JPA repository interfaces.
2025-04-29 18:22:52 [INFO] org.springframework.boot.web.embedded.tomcat.TomcatWebServer - Tomcat initialized with port(s): 8080 (http)
2025-04-29 18:22:52 [INFO] org.apache.coyote.http11.Http11NioProtocol - Initializing ProtocolHandler ["http-nio-8080"]
2025-04-29 18:22:52 [INFO] org.apache.catalina.core.StandardService - Starting service [Tomcat]
2025-04-29 18:22:52 [INFO] org.apache.catalina.core.StandardEngine - Starting Servlet engine: [Apache Tomcat/9.0.70]
2025-04-29 18:22:52 [INFO] org.apache.catalina.core.ContainerBase.[Tomcat].[localhost].[/] - Initializing Spring embedded WebApplicationContext
2025-04-29 18:22:52 [INFO] org.springframework.boot.web.servlet.context.ServletWebServerApplicationContext - Root WebApplicationContext: initialization completed in 391 ms
2025-04-29 18:22:52 [INFO] com.zaxxer.hikari.HikariDataSource - HikariPool-1 - Starting...
2025-04-29 18:22:52 [INFO] com.zaxxer.hikari.HikariDataSource - HikariPool-1 - Start completed.
2025-04-29 18:22:52 [INFO] org.springframework.boot.autoconfigure.h2.H2ConsoleAutoConfiguration - H2 console available at '/h2-console'. Database available at 'jdbc:h2:mem:testdb'
2025-04-29 18:22:52 [INFO] org.hibernate.jpa.internal.util.LogHelper - HHH000204: Processing PersistenceUnitInfo [name: default]
2025-04-29 18:22:52 [INFO] org.hibernate.Version - HHH000412: Hibernate ORM core version 5.6.14.Final
2025-04-29 18:22:52 [INFO] org.hibernate.annotations.common.Version - HCANN000001: Hibernate Commons Annotations {5.1.2.Final}
2025-04-29 18:22:52 [INFO] org.hibernate.dialect.Dialect - HHH000400: Using dialect: org.hibernate.dialect.H2Dialect
2025-04-29 18:22:52 [INFO] org.hibernate.engine.transaction.jta.platform.internal.JtaPlatformInitiator - HHH000490: Using JtaPlatform implementation: [org.hibernate.engine.transaction.jta.platform.internal.NoJtaPlatform]
2025-04-29 18:22:52 [INFO] org.springframework.orm.jpa.LocalContainerEntityManagerFactoryBean - Initialized JPA EntityManagerFactory for persistence unit 'default'
2025-04-29 18:22:52 [INFO] com.mjc.school.controller.implementation.NewsController - NewsController initialized with service: ImplementNewsService$$EnhancerBySpringCGLIB$$74aff247
2025-04-29 18:22:52 [INFO] com.mjc.school.controller.implementation.AuthorController - AuthorController initialized with service: ImplementAuthorService$$EnhancerBySpringCGLIB$$1a5a8963
2025-04-29 18:22:52 [INFO] com.mjc.school.controller.implementation.TagController - AuthorController initialized with service: ImplementTagService
2025-04-29 18:22:52 [INFO] com.mjc.school.operation.OperationEngine - Initialized with 3 controllers: ArrayList
2025-04-29 18:22:52 [WARN] org.springframework.boot.autoconfigure.orm.jpa.JpaBaseConfiguration$JpaWebConfiguration - spring.jpa.open-in-view is enabled by default. Therefore, database queries may be performed during view rendering. Explicitly configure spring.jpa.open-in-view to disable this warning
2025-04-29 18:22:52 [INFO] org.apache.coyote.http11.Http11NioProtocol - Starting ProtocolHandler ["http-nio-8080"]
2025-04-29 18:22:52 [INFO] org.springframework.boot.web.embedded.tomcat.TomcatWebServer - Tomcat started on port(s): 8080 (http) with context path ''
2025-04-29 18:22:52 [INFO] com.mjc.school.Main - Started Main in 1.058 seconds (JVM running for 1.197)
2025-04-29 18:22:56 [INFO] com.mjc.school.operation.OperationEngine - Processing operation input: '12'
2025-04-29 18:22:56 [INFO] com.mjc.school.operation.OperationReader - Reading parameters for GetTagByIdCommand
2025-04-29 18:22:59 [ERROR] com.mjc.school.operation.OperationEngine - No handler found for operation: 12 - Get Tag by id
2025-04-29 18:22:59 [WARN] com.mjc.school.operation.OperationEngine - Invalid operation input: Command not found, we do not perform such operation Operation class
2025-04-29 18:25:53 [ERROR] com.mjc.school.Main - Exception occurred while running StartApplication:
java.util.NoSuchElementException: No line found
	at java.base/java.util.Scanner.nextLine(Scanner.java:1651)
	at com.mjc.school.StartApplication.run(StartApplication.java:21)
	at com.mjc.school.Main.run(Main.java:65)
	at org.springframework.boot.SpringApplication.callRunner(SpringApplication.java:768)
	at org.springframework.boot.SpringApplication.callRunners(SpringApplication.java:752)
	at org.springframework.boot.SpringApplication.run(SpringApplication.java:314)
	at org.springframework.boot.SpringApplication.run(SpringApplication.java:1303)
	at org.springframework.boot.SpringApplication.run(SpringApplication.java:1292)
	at com.mjc.school.Main.main(Main.java:53)
2025-04-29 18:25:53 [INFO] com.mjc.school.Main - The end of the method main in the Main class, application work finished successfully

2025-04-29 18:25:53 [INFO] org.springframework.orm.jpa.LocalContainerEntityManagerFactoryBean - Closing JPA EntityManagerFactory for persistence unit 'default'
2025-04-29 18:25:53 [INFO] com.zaxxer.hikari.HikariDataSource - HikariPool-1 - Shutdown initiated...
2025-04-29 18:25:53 [INFO] com.zaxxer.hikari.HikariDataSource - HikariPool-1 - Shutdown completed.
2025-04-29 18:25:54 [INFO] com.mjc.school.Main - [32mWe start method main() in Class Main[0m
2025-04-29 18:25:54 [INFO] org.hibernate.validator.internal.util.Version - HV000001: Hibernate Validator 6.2.5.Final
2025-04-29 18:25:54 [INFO] com.mjc.school.Main - Starting Main using Java 17.0.14 on Mac with PID 5159 (/Users/macpro/Desktop/code/MJC_School/stage3-module3-task/module-main/build/classes/java/main started by macpro in /Users/macpro/Desktop/code/MJC_School/stage3-module3-task)
2025-04-29 18:25:54 [DEBUG] com.mjc.school.Main - Running with Spring Boot v2.7.7, Spring v5.3.24
2025-04-29 18:25:54 [INFO] com.mjc.school.Main - No active profile set, falling back to 1 default profile: "default"
2025-04-29 18:25:54 [INFO] org.springframework.data.repository.config.RepositoryConfigurationDelegate - Bootstrapping Spring Data JPA repositories in DEFAULT mode.
2025-04-29 18:25:54 [INFO] org.springframework.data.repository.config.RepositoryConfigurationDelegate - Finished Spring Data repository scanning in 4 ms. Found 0 JPA repository interfaces.
2025-04-29 18:25:54 [INFO] org.springframework.boot.web.embedded.tomcat.TomcatWebServer - Tomcat initialized with port(s): 8080 (http)
2025-04-29 18:25:54 [INFO] org.apache.coyote.http11.Http11NioProtocol - Initializing ProtocolHandler ["http-nio-8080"]
2025-04-29 18:25:54 [INFO] org.apache.catalina.core.StandardService - Starting service [Tomcat]
2025-04-29 18:25:54 [INFO] org.apache.catalina.core.StandardEngine - Starting Servlet engine: [Apache Tomcat/9.0.70]
2025-04-29 18:25:54 [INFO] org.apache.catalina.core.ContainerBase.[Tomcat].[localhost].[/] - Initializing Spring embedded WebApplicationContext
2025-04-29 18:25:54 [INFO] org.springframework.boot.web.servlet.context.ServletWebServerApplicationContext - Root WebApplicationContext: initialization completed in 390 ms
2025-04-29 18:25:54 [INFO] com.zaxxer.hikari.HikariDataSource - HikariPool-1 - Starting...
2025-04-29 18:25:54 [INFO] com.zaxxer.hikari.HikariDataSource - HikariPool-1 - Start completed.
2025-04-29 18:25:54 [INFO] org.springframework.boot.autoconfigure.h2.H2ConsoleAutoConfiguration - H2 console available at '/h2-console'. Database available at 'jdbc:h2:mem:testdb'
2025-04-29 18:25:54 [INFO] org.hibernate.jpa.internal.util.LogHelper - HHH000204: Processing PersistenceUnitInfo [name: default]
2025-04-29 18:25:54 [INFO] org.hibernate.Version - HHH000412: Hibernate ORM core version 5.6.14.Final
2025-04-29 18:25:54 [INFO] org.hibernate.annotations.common.Version - HCANN000001: Hibernate Commons Annotations {5.1.2.Final}
2025-04-29 18:25:54 [INFO] org.hibernate.dialect.Dialect - HHH000400: Using dialect: org.hibernate.dialect.H2Dialect
2025-04-29 18:25:54 [INFO] org.hibernate.engine.transaction.jta.platform.internal.JtaPlatformInitiator - HHH000490: Using JtaPlatform implementation: [org.hibernate.engine.transaction.jta.platform.internal.NoJtaPlatform]
2025-04-29 18:25:54 [INFO] org.springframework.orm.jpa.LocalContainerEntityManagerFactoryBean - Initialized JPA EntityManagerFactory for persistence unit 'default'
2025-04-29 18:25:54 [INFO] com.mjc.school.controller.implementation.NewsController - NewsController initialized with service: ImplementNewsService$$EnhancerBySpringCGLIB$$74aff247
2025-04-29 18:25:55 [INFO] com.mjc.school.controller.implementation.AuthorController - AuthorController initialized with service: ImplementAuthorService$$EnhancerBySpringCGLIB$$1a5a8963
2025-04-29 18:25:55 [INFO] com.mjc.school.controller.implementation.TagController - AuthorController initialized with service: ImplementTagService
2025-04-29 18:25:55 [INFO] com.mjc.school.operation.OperationEngine - Initialized with 3 controllers: ArrayList
2025-04-29 18:25:55 [WARN] org.springframework.boot.autoconfigure.orm.jpa.JpaBaseConfiguration$JpaWebConfiguration - spring.jpa.open-in-view is enabled by default. Therefore, database queries may be performed during view rendering. Explicitly configure spring.jpa.open-in-view to disable this warning
2025-04-29 18:25:55 [INFO] org.apache.coyote.http11.Http11NioProtocol - Starting ProtocolHandler ["http-nio-8080"]
2025-04-29 18:25:55 [INFO] org.springframework.boot.web.embedded.tomcat.TomcatWebServer - Tomcat started on port(s): 8080 (http) with context path ''
2025-04-29 18:25:55 [INFO] com.mjc.school.Main - Started Main in 1.05 seconds (JVM running for 1.189)
2025-04-29 18:26:28 [INFO] com.mjc.school.operation.OperationEngine - Processing operation input: '12'
2025-04-29 18:26:28 [INFO] com.mjc.school.operation.OperationReader - Reading parameters for GetTagByIdCommand
2025-04-29 18:26:30 [INFO] com.mjc.school.controller.implementation.TagController - Controller author component -> Fetching author with ID: 3
2025-04-29 18:26:30 [INFO] com.mjc.school.service.implementation.ImplementTagService - Service Author Component -> Fetching author by ID: 3
2025-04-29 18:26:30 [DEBUG] org.hibernate.SQL - 
    select
        tagmodel0_.id as id1_3_0_,
        tagmodel0_.create_date as create_d2_3_0_,
        tagmodel0_.last_update_date as last_upd3_3_0_,
        tagmodel0_.name as name4_3_0_ 
    from
        tag tagmodel0_ 
    where
        tagmodel0_.id=?
2025-04-29 18:26:30 [TRACE] org.hibernate.type.descriptor.sql.BasicBinder - binding parameter [1] as [BIGINT] - [3]
2025-04-29 18:26:30 [DEBUG] org.hibernate.SQL - 
    select
        tagmodel0_.id as id1_3_0_,
        tagmodel0_.create_date as create_d2_3_0_,
        tagmodel0_.last_update_date as last_upd3_3_0_,
        tagmodel0_.name as name4_3_0_ 
    from
        tag tagmodel0_ 
    where
        tagmodel0_.id=?
2025-04-29 18:26:30 [TRACE] org.hibernate.type.descriptor.sql.BasicBinder - binding parameter [1] as [BIGINT] - [3]
2025-04-29 19:53:06 [WARN] com.zaxxer.hikari.pool.HikariPool - HikariPool-1 - Thread starvation or clock leap detected (housekeeper delta=16m41s565ms).
2025-04-29 20:08:46 [WARN] com.zaxxer.hikari.pool.HikariPool - HikariPool-1 - Thread starvation or clock leap detected (housekeeper delta=15m39s696ms).
2025-04-29 20:24:56 [WARN] com.zaxxer.hikari.pool.HikariPool - HikariPool-1 - Thread starvation or clock leap detected (housekeeper delta=15m39s711ms).
2025-04-29 20:41:21 [WARN] com.zaxxer.hikari.pool.HikariPool - HikariPool-1 - Thread starvation or clock leap detected (housekeeper delta=15m54s893ms).
2025-04-29 20:57:48 [WARN] com.zaxxer.hikari.pool.HikariPool - HikariPool-1 - Thread starvation or clock leap detected (housekeeper delta=15m56s959ms).
2025-04-29 21:13:31 [WARN] com.zaxxer.hikari.pool.HikariPool - HikariPool-1 - Thread starvation or clock leap detected (housekeeper delta=15m42s892ms).
2025-04-29 21:29:31 [WARN] com.zaxxer.hikari.pool.HikariPool - HikariPool-1 - Thread starvation or clock leap detected (housekeeper delta=15m30s110ms).
2025-04-29 21:32:19 [WARN] com.zaxxer.hikari.pool.HikariPool - HikariPool-1 - Thread starvation or clock leap detected (housekeeper delta=2m47s924ms).
2025-04-29 21:50:33 [WARN] com.zaxxer.hikari.pool.HikariPool - HikariPool-1 - Thread starvation or clock leap detected (housekeeper delta=17m44s873ms).
2025-04-29 21:56:54 [WARN] com.zaxxer.hikari.pool.HikariPool - HikariPool-1 - Thread starvation or clock leap detected (housekeeper delta=3m20s605ms).
2025-04-29 22:32:15 [WARN] com.zaxxer.hikari.pool.HikariPool - HikariPool-1 - Thread starvation or clock leap detected (housekeeper delta=13m50s147ms).
2025-04-29 22:35:31 [WARN] com.zaxxer.hikari.pool.HikariPool - HikariPool-1 - Thread starvation or clock leap detected (housekeeper delta=3m16s768ms).
2025-04-29 22:44:26 [WARN] com.zaxxer.hikari.pool.HikariPool - HikariPool-1 - Thread starvation or clock leap detected (housekeeper delta=8m24s475ms).
2025-04-29 23:02:31 [WARN] com.zaxxer.hikari.pool.HikariPool - HikariPool-1 - Thread starvation or clock leap detected (housekeeper delta=18m5s710ms).
2025-04-29 23:24:46 [WARN] com.zaxxer.hikari.pool.HikariPool - HikariPool-1 - Thread starvation or clock leap detected (housekeeper delta=15m44s41ms).
2025-04-29 23:35:30 [WARN] com.zaxxer.hikari.pool.HikariPool - HikariPool-1 - Thread starvation or clock leap detected (housekeeper delta=10m14s310ms).
2025-04-29 23:35:37 [ERROR] com.mjc.school.Main - Exception occurred while running StartApplication:
java.util.NoSuchElementException: No line found
	at java.base/java.util.Scanner.nextLine(Scanner.java:1651)
	at com.mjc.school.StartApplication.run(StartApplication.java:21)
	at com.mjc.school.Main.run(Main.java:65)
	at org.springframework.boot.SpringApplication.callRunner(SpringApplication.java:768)
	at org.springframework.boot.SpringApplication.callRunners(SpringApplication.java:752)
	at org.springframework.boot.SpringApplication.run(SpringApplication.java:314)
	at org.springframework.boot.SpringApplication.run(SpringApplication.java:1303)
	at org.springframework.boot.SpringApplication.run(SpringApplication.java:1292)
	at com.mjc.school.Main.main(Main.java:53)
2025-04-29 23:35:37 [INFO] com.mjc.school.Main - The end of the method main in the Main class, application work finished successfully

2025-04-29 23:35:37 [INFO] org.springframework.orm.jpa.LocalContainerEntityManagerFactoryBean - Closing JPA EntityManagerFactory for persistence unit 'default'
2025-04-29 23:35:37 [INFO] com.zaxxer.hikari.HikariDataSource - HikariPool-1 - Shutdown initiated...
2025-04-29 23:35:37 [INFO] com.zaxxer.hikari.HikariDataSource - HikariPool-1 - Shutdown completed.
