2025-04-02 20:34:58 [INFO] com.mjc.school.Main - [32mWe start method main() in Class Main[0m
2025-04-02 20:34:59 [INFO] org.hibernate.jpa.internal.util.LogHelper - HHH000204: Processing PersistenceUnitInfo [name: default]
2025-04-02 20:34:59 [INFO] org.hibernate.Version - HHH000412: Hibernate ORM core version 6.3.1.Final
2025-04-02 20:34:59 [INFO] org.hibernate.cache.internal.RegionFactoryInitiator - HHH000026: Second-level cache disabled
2025-04-02 20:34:59 [INFO] org.springframework.orm.jpa.persistenceunit.SpringPersistenceUnitInfo - No LoadTimeWeaver setup: ignoring JPA class transformer
2025-04-02 20:34:59 [INFO] com.zaxxer.hikari.HikariDataSource - HikariPool-1 - Starting...
2025-04-02 20:34:59 [INFO] com.zaxxer.hikari.pool.HikariPool - HikariPool-1 - Added connection conn0: url=jdbc:h2:mem:testdb user=SA
2025-04-02 20:34:59 [INFO] com.zaxxer.hikari.HikariDataSource - HikariPool-1 - Start completed.
2025-04-02 20:34:59 [WARN] org.hibernate.orm.deprecation - HHH90000025: H2Dialect does not need to be specified explicitly using 'hibernate.dialect' (remove the property setting and it will be selected by default)
2025-04-02 20:34:59 [INFO] org.hibernate.engine.transaction.jta.platform.internal.JtaPlatformInitiator - HHH000489: No JTA platform available (set 'hibernate.transaction.jta.platform' to enable JTA platform integration)
2025-04-02 20:34:59 [INFO] org.springframework.orm.jpa.LocalContainerEntityManagerFactoryBean - Initialized JPA EntityManagerFactory for persistence unit 'default'
2025-04-02 20:34:59 [INFO] com.mjc.school.SpringConfiguration - Initializing SpringConfiguration...
2025-04-02 20:34:59 [INFO] com.mjc.school.controller.implementation.NewsController - NewsController initialized with service: ImplementNewsService$$SpringCGLIB$$0
2025-04-02 20:34:59 [INFO] com.mjc.school.controller.implementation.AuthorController - AuthorController initialized with service: ImplementAuthorService$$SpringCGLIB$$0
2025-04-02 20:34:59 [INFO] com.mjc.school.operation.OperationEngine - Initialized with 2 controllers: ArrayList
2025-04-02 20:35:06 [INFO] com.mjc.school.operation.OperationEngine - Processing operation input: '2'
2025-04-02 20:35:06 [INFO] com.mjc.school.controller.implementation.AuthorController - Controller author component -> Fetching all authors
2025-04-02 20:35:06 [INFO] com.mjc.school.service.implementation.ImplementAuthorService - Service Author Component -> Fetching all authors
2025-04-02 20:35:13 [INFO] com.mjc.school.operation.OperationEngine - Processing operation input: '1'
2025-04-02 20:35:13 [INFO] com.mjc.school.controller.implementation.NewsController - Controller news component -> Fetching all news articles
2025-04-02 20:35:13 [INFO] com.mjc.school.service.implementation.ImplementNewsService - Service News Component -> Fetching all news articles
2025-04-02 20:35:13 [ERROR] com.mjc.school.operation.OperationEngine - No handler found for operation: 1 - Get all news
2025-04-02 20:35:13 [WARN] com.mjc.school.operation.OperationEngine - Invalid operation input: Command not found, we do not perform such operation
2025-04-02 20:57:31 [INFO] com.mjc.school.operation.OperationEngine - Processing operation input: '0'
2025-04-02 21:27:36 [INFO] com.mjc.school.Main - [32mWe start method main() in Class Main[0m
2025-04-02 21:27:36 [INFO] org.springframework.data.repository.config.RepositoryConfigurationDelegate - Bootstrapping Spring Data JPA repositories in DEFAULT mode.
2025-04-02 21:27:36 [INFO] org.springframework.data.repository.config.RepositoryConfigurationDelegate - Finished Spring Data repository scanning in 3 ms. Found 0 JPA repository interfaces.
2025-04-02 21:27:37 [INFO] com.zaxxer.hikari.HikariDataSource - HikariPool-1 - Starting...
2025-04-02 21:27:37 [INFO] com.zaxxer.hikari.HikariDataSource - HikariPool-1 - Start completed.
2025-04-02 21:27:37 [INFO] org.hibernate.jpa.internal.util.LogHelper - HHH000204: Processing PersistenceUnitInfo [name: default]
2025-04-02 21:27:37 [INFO] org.hibernate.Version - HHH000412: Hibernate ORM core version 5.6.14.Final
2025-04-02 21:27:37 [INFO] org.hibernate.annotations.common.Version - HCANN000001: Hibernate Commons Annotations {5.1.2.Final}
2025-04-02 21:27:37 [INFO] org.hibernate.dialect.Dialect - HHH000400: Using dialect: org.hibernate.dialect.H2Dialect
2025-04-02 21:27:37 [INFO] org.hibernate.validator.internal.util.Version - HV000001: Hibernate Validator 6.2.5.Final
2025-04-02 21:27:37 [INFO] org.hibernate.engine.transaction.jta.platform.internal.JtaPlatformInitiator - HHH000490: Using JtaPlatform implementation: [org.hibernate.engine.transaction.jta.platform.internal.NoJtaPlatform]
2025-04-02 21:27:37 [INFO] org.springframework.orm.jpa.LocalContainerEntityManagerFactoryBean - Initialized JPA EntityManagerFactory for persistence unit 'default'
2025-04-02 21:27:37 [INFO] com.mjc.school.SpringConfiguration - Initializing SpringConfiguration...
2025-04-02 21:27:37 [INFO] com.mjc.school.controller.implementation.NewsController - NewsController initialized with service: ImplementNewsService$$EnhancerBySpringCGLIB$$b6b2ff89
2025-04-02 21:27:37 [INFO] com.mjc.school.controller.implementation.AuthorController - AuthorController initialized with service: ImplementAuthorService$$EnhancerBySpringCGLIB$$15c42321
2025-04-02 21:27:37 [INFO] com.mjc.school.operation.OperationEngine - Initialized with 2 controllers: ArrayList
2025-04-02 21:27:52 [INFO] com.mjc.school.operation.OperationEngine - Processing operation input: '1'
2025-04-02 21:27:52 [INFO] com.mjc.school.controller.implementation.NewsController - Controller news component -> Fetching all news articles
2025-04-02 21:27:52 [INFO] com.mjc.school.service.implementation.ImplementNewsService - Service News Component -> Fetching all news articles
2025-04-02 21:27:52 [INFO] com.mjc.school.service.implementation.ImplementNewsService - Service News Component -> Fetching all news articles
2025-04-02 21:27:56 [INFO] com.mjc.school.operation.OperationEngine - Processing operation input: '2'
2025-04-02 21:27:56 [INFO] com.mjc.school.controller.implementation.AuthorController - Controller author component -> Fetching all authors
2025-04-02 21:27:56 [INFO] com.mjc.school.service.implementation.ImplementAuthorService - Service Author Component -> Fetching all authors
2025-04-02 21:28:01 [INFO] com.mjc.school.operation.OperationEngine - Processing operation input: '1'
2025-04-02 21:28:01 [INFO] com.mjc.school.controller.implementation.NewsController - Controller news component -> Fetching all news articles
2025-04-02 21:28:01 [INFO] com.mjc.school.service.implementation.ImplementNewsService - Service News Component -> Fetching all news articles
2025-04-02 21:28:01 [INFO] com.mjc.school.service.implementation.ImplementNewsService - Service News Component -> Fetching all news articles
2025-04-02 21:28:04 [INFO] com.mjc.school.operation.OperationEngine - Processing operation input: '2'
2025-04-02 21:28:04 [INFO] com.mjc.school.controller.implementation.AuthorController - Controller author component -> Fetching all authors
2025-04-02 21:28:04 [INFO] com.mjc.school.service.implementation.ImplementAuthorService - Service Author Component -> Fetching all authors
2025-04-02 21:28:07 [INFO] com.mjc.school.operation.OperationEngine - Processing operation input: '0'
2025-04-02 21:36:00 [INFO] com.mjc.school.Main - [32mWe start method main() in Class Main[0m
2025-04-02 21:36:00 [INFO] org.springframework.data.repository.config.RepositoryConfigurationDelegate - Bootstrapping Spring Data JPA repositories in DEFAULT mode.
2025-04-02 21:36:00 [INFO] org.springframework.data.repository.config.RepositoryConfigurationDelegate - Finished Spring Data repository scanning in 3 ms. Found 0 JPA repository interfaces.
2025-04-02 21:36:00 [INFO] com.zaxxer.hikari.HikariDataSource - HikariPool-1 - Starting...
2025-04-02 21:36:00 [INFO] com.zaxxer.hikari.HikariDataSource - HikariPool-1 - Start completed.
2025-04-02 21:36:00 [INFO] org.hibernate.jpa.internal.util.LogHelper - HHH000204: Processing PersistenceUnitInfo [name: default]
2025-04-02 21:36:00 [INFO] org.hibernate.Version - HHH000412: Hibernate ORM core version 5.6.14.Final
2025-04-02 21:36:00 [INFO] org.hibernate.annotations.common.Version - HCANN000001: Hibernate Commons Annotations {5.1.2.Final}
2025-04-02 21:36:00 [INFO] org.hibernate.dialect.Dialect - HHH000400: Using dialect: org.hibernate.dialect.H2Dialect
2025-04-02 21:36:00 [INFO] org.hibernate.validator.internal.util.Version - HV000001: Hibernate Validator 6.2.5.Final
2025-04-02 21:36:00 [INFO] org.hibernate.engine.transaction.jta.platform.internal.JtaPlatformInitiator - HHH000490: Using JtaPlatform implementation: [org.hibernate.engine.transaction.jta.platform.internal.NoJtaPlatform]
2025-04-02 21:36:00 [INFO] org.springframework.orm.jpa.LocalContainerEntityManagerFactoryBean - Initialized JPA EntityManagerFactory for persistence unit 'default'
2025-04-02 21:36:00 [INFO] com.mjc.school.SpringConfiguration - Initializing SpringConfiguration...
2025-04-02 21:36:00 [INFO] com.mjc.school.controller.implementation.NewsController - NewsController initialized with service: ImplementNewsService$$EnhancerBySpringCGLIB$$ba540c5e
2025-04-02 21:36:00 [INFO] com.mjc.school.controller.implementation.AuthorController - AuthorController initialized with service: ImplementAuthorService$$EnhancerBySpringCGLIB$$19652ff6
2025-04-02 21:36:00 [INFO] com.mjc.school.operation.OperationEngine - Initialized with 2 controllers: ArrayList
2025-04-02 21:40:59 [INFO] com.mjc.school.operation.OperationEngine - Processing operation input: '0'
2025-04-02 21:41:03 [INFO] com.mjc.school.Main - [32mWe start method main() in Class Main[0m
2025-04-02 21:41:03 [INFO] org.springframework.data.repository.config.RepositoryConfigurationDelegate - Bootstrapping Spring Data JPA repositories in DEFAULT mode.
2025-04-02 21:41:03 [INFO] org.springframework.data.repository.config.RepositoryConfigurationDelegate - Finished Spring Data repository scanning in 3 ms. Found 0 JPA repository interfaces.
2025-04-02 21:41:04 [INFO] com.zaxxer.hikari.HikariDataSource - HikariPool-1 - Starting...
2025-04-02 21:41:04 [INFO] com.zaxxer.hikari.HikariDataSource - HikariPool-1 - Start completed.
2025-04-02 21:41:04 [INFO] org.hibernate.jpa.internal.util.LogHelper - HHH000204: Processing PersistenceUnitInfo [name: default]
2025-04-02 21:41:04 [INFO] org.hibernate.Version - HHH000412: Hibernate ORM core version 5.6.14.Final
2025-04-02 21:41:04 [INFO] org.hibernate.annotations.common.Version - HCANN000001: Hibernate Commons Annotations {5.1.2.Final}
2025-04-02 21:41:04 [INFO] org.hibernate.dialect.Dialect - HHH000400: Using dialect: org.hibernate.dialect.H2Dialect
2025-04-02 21:41:04 [INFO] org.hibernate.validator.internal.util.Version - HV000001: Hibernate Validator 6.2.5.Final
2025-04-02 21:41:04 [INFO] org.hibernate.engine.transaction.jta.platform.internal.JtaPlatformInitiator - HHH000490: Using JtaPlatform implementation: [org.hibernate.engine.transaction.jta.platform.internal.NoJtaPlatform]
2025-04-02 21:41:04 [INFO] org.springframework.orm.jpa.LocalContainerEntityManagerFactoryBean - Initialized JPA EntityManagerFactory for persistence unit 'default'
2025-04-02 21:41:04 [INFO] com.mjc.school.SpringConfiguration - Initializing SpringConfiguration...
2025-04-02 21:41:04 [INFO] com.mjc.school.controller.implementation.NewsController - NewsController initialized with service: ImplementNewsService$$EnhancerBySpringCGLIB$$a07cc625
2025-04-02 21:41:04 [INFO] com.mjc.school.controller.implementation.AuthorController - AuthorController initialized with service: ImplementAuthorService$$EnhancerBySpringCGLIB$$ff8de9bd
2025-04-02 21:41:04 [INFO] com.mjc.school.operation.OperationEngine - Initialized with 2 controllers: ArrayList
2025-04-02 21:44:01 [INFO] com.mjc.school.operation.OperationEngine - Processing operation input: '0'
2025-04-02 21:44:08 [INFO] com.mjc.school.Main - [32mWe start method main() in Class Main[0m
2025-04-02 21:44:08 [INFO] org.springframework.data.repository.config.RepositoryConfigurationDelegate - Bootstrapping Spring Data JPA repositories in DEFAULT mode.
2025-04-02 21:44:08 [INFO] org.springframework.data.repository.config.RepositoryConfigurationDelegate - Finished Spring Data repository scanning in 3 ms. Found 0 JPA repository interfaces.
2025-04-02 21:44:08 [INFO] com.zaxxer.hikari.HikariDataSource - HikariPool-1 - Starting...
2025-04-02 21:44:08 [INFO] com.zaxxer.hikari.HikariDataSource - HikariPool-1 - Start completed.
2025-04-02 21:44:08 [INFO] org.hibernate.jpa.internal.util.LogHelper - HHH000204: Processing PersistenceUnitInfo [name: default]
2025-04-02 21:44:08 [INFO] org.hibernate.Version - HHH000412: Hibernate ORM core version 5.6.14.Final
2025-04-02 21:44:09 [INFO] org.hibernate.annotations.common.Version - HCANN000001: Hibernate Commons Annotations {5.1.2.Final}
2025-04-02 21:44:09 [INFO] org.hibernate.dialect.Dialect - HHH000400: Using dialect: org.hibernate.dialect.H2Dialect
2025-04-02 21:44:09 [INFO] org.hibernate.validator.internal.util.Version - HV000001: Hibernate Validator 6.2.5.Final
2025-04-02 21:44:09 [INFO] org.hibernate.engine.transaction.jta.platform.internal.JtaPlatformInitiator - HHH000490: Using JtaPlatform implementation: [org.hibernate.engine.transaction.jta.platform.internal.NoJtaPlatform]
2025-04-02 21:44:09 [INFO] org.springframework.orm.jpa.LocalContainerEntityManagerFactoryBean - Initialized JPA EntityManagerFactory for persistence unit 'default'
2025-04-02 21:44:09 [INFO] com.mjc.school.SpringConfiguration - Initializing SpringConfiguration...
2025-04-02 21:44:09 [INFO] com.mjc.school.controller.implementation.NewsController - NewsController initialized with service: ImplementNewsService$$EnhancerBySpringCGLIB$$a07cc625
2025-04-02 21:44:09 [INFO] com.mjc.school.controller.implementation.AuthorController - AuthorController initialized with service: ImplementAuthorService$$EnhancerBySpringCGLIB$$ff8de9bd
2025-04-02 21:44:09 [INFO] com.mjc.school.operation.OperationEngine - Initialized with 2 controllers: ArrayList
2025-04-02 21:52:15 [INFO] com.mjc.school.operation.OperationEngine - Processing operation input: '0'
2025-04-02 21:52:20 [INFO] com.mjc.school.Main - [32mWe start method main() in Class Main[0m
2025-04-02 21:52:20 [INFO] org.springframework.data.repository.config.RepositoryConfigurationDelegate - Bootstrapping Spring Data JPA repositories in DEFAULT mode.
2025-04-02 21:52:20 [INFO] org.springframework.data.repository.config.RepositoryConfigurationDelegate - Finished Spring Data repository scanning in 3 ms. Found 0 JPA repository interfaces.
2025-04-02 21:52:20 [INFO] com.zaxxer.hikari.HikariDataSource - HikariPool-1 - Starting...
2025-04-02 21:52:20 [INFO] com.zaxxer.hikari.HikariDataSource - HikariPool-1 - Start completed.
2025-04-02 21:52:20 [INFO] org.hibernate.jpa.internal.util.LogHelper - HHH000204: Processing PersistenceUnitInfo [name: default]
2025-04-02 21:52:20 [INFO] org.hibernate.Version - HHH000412: Hibernate ORM core version 5.6.14.Final
2025-04-02 21:52:20 [INFO] org.hibernate.annotations.common.Version - HCANN000001: Hibernate Commons Annotations {5.1.2.Final}
2025-04-02 21:52:21 [INFO] org.hibernate.dialect.Dialect - HHH000400: Using dialect: org.hibernate.dialect.H2Dialect
2025-04-02 21:52:21 [INFO] org.hibernate.validator.internal.util.Version - HV000001: Hibernate Validator 6.2.5.Final
2025-04-02 21:52:21 [INFO] org.hibernate.engine.transaction.jta.platform.internal.JtaPlatformInitiator - HHH000490: Using JtaPlatform implementation: [org.hibernate.engine.transaction.jta.platform.internal.NoJtaPlatform]
2025-04-02 21:52:21 [INFO] org.springframework.orm.jpa.LocalContainerEntityManagerFactoryBean - Initialized JPA EntityManagerFactory for persistence unit 'default'
2025-04-02 21:52:21 [INFO] com.mjc.school.SpringConfiguration - Initializing SpringConfiguration...
2025-04-02 21:52:21 [INFO] com.mjc.school.controller.implementation.NewsController - NewsController initialized with service: ImplementNewsService$$EnhancerBySpringCGLIB$$a07cc625
2025-04-02 21:52:21 [INFO] com.mjc.school.controller.implementation.AuthorController - AuthorController initialized with service: ImplementAuthorService$$EnhancerBySpringCGLIB$$ff8de9bd
2025-04-02 21:52:21 [INFO] com.mjc.school.operation.OperationEngine - Initialized with 2 controllers: ArrayList
2025-04-02 21:52:54 [INFO] com.mjc.school.operation.OperationEngine - Processing operation input: '0'
2025-04-02 21:54:20 [INFO] com.mjc.school.Main - [32mWe start method main() in Class Main[0m
2025-04-02 21:54:21 [INFO] org.springframework.data.repository.config.RepositoryConfigurationDelegate - Bootstrapping Spring Data JPA repositories in DEFAULT mode.
2025-04-02 21:54:21 [INFO] org.springframework.data.repository.config.RepositoryConfigurationDelegate - Finished Spring Data repository scanning in 3 ms. Found 0 JPA repository interfaces.
2025-04-02 21:54:21 [INFO] com.zaxxer.hikari.HikariDataSource - HikariPool-1 - Starting...
2025-04-02 21:54:21 [INFO] com.zaxxer.hikari.HikariDataSource - HikariPool-1 - Start completed.
2025-04-02 21:54:21 [INFO] org.hibernate.jpa.internal.util.LogHelper - HHH000204: Processing PersistenceUnitInfo [name: default]
2025-04-02 21:54:21 [INFO] org.hibernate.Version - HHH000412: Hibernate ORM core version 5.6.14.Final
2025-04-02 21:54:21 [INFO] org.hibernate.annotations.common.Version - HCANN000001: Hibernate Commons Annotations {5.1.2.Final}
2025-04-02 21:54:21 [INFO] org.hibernate.dialect.Dialect - HHH000400: Using dialect: org.hibernate.dialect.H2Dialect
2025-04-02 21:54:21 [INFO] org.hibernate.validator.internal.util.Version - HV000001: Hibernate Validator 6.2.5.Final
2025-04-02 21:54:21 [INFO] org.hibernate.engine.transaction.jta.platform.internal.JtaPlatformInitiator - HHH000490: Using JtaPlatform implementation: [org.hibernate.engine.transaction.jta.platform.internal.NoJtaPlatform]
2025-04-02 21:54:21 [INFO] org.springframework.orm.jpa.LocalContainerEntityManagerFactoryBean - Initialized JPA EntityManagerFactory for persistence unit 'default'
2025-04-02 21:54:21 [INFO] com.mjc.school.SpringConfiguration - Initializing SpringConfiguration...
2025-04-02 21:54:21 [INFO] com.mjc.school.controller.implementation.NewsController - NewsController initialized with service: ImplementNewsService$$EnhancerBySpringCGLIB$$ba540c5e
2025-04-02 21:54:21 [INFO] com.mjc.school.controller.implementation.AuthorController - AuthorController initialized with service: ImplementAuthorService$$EnhancerBySpringCGLIB$$19652ff6
2025-04-02 21:54:21 [INFO] com.mjc.school.operation.OperationEngine - Initialized with 2 controllers: ArrayList
2025-04-02 21:55:19 [INFO] com.mjc.school.operation.OperationEngine - Processing operation input: '0'
2025-04-02 21:55:21 [INFO] com.mjc.school.Main - [32mWe start method main() in Class Main[0m
2025-04-02 21:55:22 [INFO] org.springframework.data.repository.config.RepositoryConfigurationDelegate - Bootstrapping Spring Data JPA repositories in DEFAULT mode.
2025-04-02 21:55:22 [INFO] org.springframework.data.repository.config.RepositoryConfigurationDelegate - Finished Spring Data repository scanning in 3 ms. Found 0 JPA repository interfaces.
2025-04-02 21:55:22 [INFO] com.zaxxer.hikari.HikariDataSource - HikariPool-1 - Starting...
2025-04-02 21:55:22 [INFO] com.zaxxer.hikari.HikariDataSource - HikariPool-1 - Start completed.
2025-04-02 21:55:22 [INFO] org.hibernate.jpa.internal.util.LogHelper - HHH000204: Processing PersistenceUnitInfo [name: default]
2025-04-02 21:55:22 [INFO] org.hibernate.Version - HHH000412: Hibernate ORM core version 5.6.14.Final
2025-04-02 21:55:22 [INFO] org.hibernate.annotations.common.Version - HCANN000001: Hibernate Commons Annotations {5.1.2.Final}
2025-04-02 21:55:22 [INFO] org.hibernate.dialect.Dialect - HHH000400: Using dialect: org.hibernate.dialect.H2Dialect
2025-04-02 21:55:22 [INFO] org.hibernate.validator.internal.util.Version - HV000001: Hibernate Validator 6.2.5.Final
2025-04-02 21:55:22 [INFO] org.hibernate.engine.transaction.jta.platform.internal.JtaPlatformInitiator - HHH000490: Using JtaPlatform implementation: [org.hibernate.engine.transaction.jta.platform.internal.NoJtaPlatform]
2025-04-02 21:55:22 [INFO] org.springframework.orm.jpa.LocalContainerEntityManagerFactoryBean - Initialized JPA EntityManagerFactory for persistence unit 'default'
2025-04-02 21:55:22 [INFO] com.mjc.school.SpringConfiguration - Initializing SpringConfiguration...
2025-04-02 21:55:22 [INFO] com.mjc.school.controller.implementation.NewsController - NewsController initialized with service: ImplementNewsService$$EnhancerBySpringCGLIB$$a07cc625
2025-04-02 21:55:22 [INFO] com.mjc.school.controller.implementation.AuthorController - AuthorController initialized with service: ImplementAuthorService$$EnhancerBySpringCGLIB$$ff8de9bd
2025-04-02 21:55:22 [INFO] com.mjc.school.operation.OperationEngine - Initialized with 2 controllers: ArrayList
2025-04-02 21:55:47 [INFO] com.mjc.school.operation.OperationEngine - Processing operation input: '0'
2025-04-02 21:56:02 [INFO] com.mjc.school.Main - [32mWe start method main() in Class Main[0m
2025-04-02 21:56:02 [INFO] com.mjc.school.SpringConfiguration - Initializing SpringConfiguration...
2025-04-02 22:00:28 [INFO] com.mjc.school.Main - [32mWe start method main() in Class Main[0m
2025-04-02 22:00:28 [INFO] com.mjc.school.SpringConfiguration - Initializing SpringConfiguration...
2025-04-02 22:00:45 [INFO] com.mjc.school.Main - [32mWe start method main() in Class Main[0m
2025-04-02 22:00:45 [INFO] org.springframework.data.repository.config.RepositoryConfigurationDelegate - Bootstrapping Spring Data JPA repositories in DEFAULT mode.
2025-04-02 22:00:45 [INFO] org.springframework.data.repository.config.RepositoryConfigurationDelegate - Finished Spring Data repository scanning in 3 ms. Found 0 JPA repository interfaces.
2025-04-02 22:00:45 [INFO] com.zaxxer.hikari.HikariDataSource - HikariPool-1 - Starting...
2025-04-02 22:00:45 [INFO] com.zaxxer.hikari.HikariDataSource - HikariPool-1 - Start completed.
2025-04-02 22:00:45 [INFO] org.hibernate.jpa.internal.util.LogHelper - HHH000204: Processing PersistenceUnitInfo [name: default]
2025-04-02 22:00:45 [INFO] org.hibernate.Version - HHH000412: Hibernate ORM core version 5.6.14.Final
2025-04-02 22:00:45 [INFO] org.hibernate.annotations.common.Version - HCANN000001: Hibernate Commons Annotations {5.1.2.Final}
2025-04-02 22:00:45 [INFO] org.hibernate.dialect.Dialect - HHH000400: Using dialect: org.hibernate.dialect.H2Dialect
2025-04-02 22:00:45 [INFO] org.hibernate.validator.internal.util.Version - HV000001: Hibernate Validator 6.2.5.Final
2025-04-02 22:00:45 [INFO] org.hibernate.engine.transaction.jta.platform.internal.JtaPlatformInitiator - HHH000490: Using JtaPlatform implementation: [org.hibernate.engine.transaction.jta.platform.internal.NoJtaPlatform]
2025-04-02 22:00:45 [INFO] org.springframework.orm.jpa.LocalContainerEntityManagerFactoryBean - Initialized JPA EntityManagerFactory for persistence unit 'default'
2025-04-02 22:00:45 [INFO] com.mjc.school.SpringConfiguration - Initializing SpringConfiguration...
2025-04-02 22:00:45 [INFO] com.mjc.school.controller.implementation.NewsController - NewsController initialized with service: ImplementNewsService$$EnhancerBySpringCGLIB$$ba540c5e
2025-04-02 22:00:46 [INFO] com.mjc.school.controller.implementation.AuthorController - AuthorController initialized with service: ImplementAuthorService$$EnhancerBySpringCGLIB$$19652ff6
2025-04-02 22:00:46 [INFO] com.mjc.school.operation.OperationEngine - Initialized with 2 controllers: ArrayList
2025-04-02 22:02:21 [INFO] com.mjc.school.operation.OperationEngine - Processing operation input: '0'
2025-04-02 22:02:28 [INFO] com.mjc.school.Main - [32mWe start method main() in Class Main[0m
2025-04-02 22:02:28 [INFO] org.springframework.data.repository.config.RepositoryConfigurationDelegate - Bootstrapping Spring Data JPA repositories in DEFAULT mode.
2025-04-02 22:02:28 [INFO] org.springframework.data.repository.config.RepositoryConfigurationDelegate - Finished Spring Data repository scanning in 3 ms. Found 0 JPA repository interfaces.
2025-04-02 22:02:28 [INFO] com.zaxxer.hikari.HikariDataSource - HikariPool-1 - Starting...
2025-04-02 22:02:28 [INFO] com.zaxxer.hikari.HikariDataSource - HikariPool-1 - Start completed.
2025-04-02 22:02:28 [INFO] org.hibernate.jpa.internal.util.LogHelper - HHH000204: Processing PersistenceUnitInfo [name: default]
2025-04-02 22:02:28 [INFO] org.hibernate.Version - HHH000412: Hibernate ORM core version 5.6.14.Final
2025-04-02 22:02:28 [INFO] org.hibernate.annotations.common.Version - HCANN000001: Hibernate Commons Annotations {5.1.2.Final}
2025-04-02 22:02:29 [INFO] org.hibernate.dialect.Dialect - HHH000400: Using dialect: org.hibernate.dialect.H2Dialect
2025-04-02 22:02:29 [INFO] org.hibernate.validator.internal.util.Version - HV000001: Hibernate Validator 6.2.5.Final
2025-04-02 22:02:29 [INFO] org.hibernate.engine.transaction.jta.platform.internal.JtaPlatformInitiator - HHH000490: Using JtaPlatform implementation: [org.hibernate.engine.transaction.jta.platform.internal.NoJtaPlatform]
2025-04-02 22:02:29 [INFO] org.springframework.orm.jpa.LocalContainerEntityManagerFactoryBean - Initialized JPA EntityManagerFactory for persistence unit 'default'
2025-04-02 22:02:29 [INFO] com.mjc.school.SpringConfiguration - Initializing SpringConfiguration...
2025-04-02 22:02:29 [INFO] com.mjc.school.controller.implementation.NewsController - NewsController initialized with service: ImplementNewsService$$EnhancerBySpringCGLIB$$a0a97cf1
2025-04-02 22:02:29 [INFO] com.mjc.school.controller.implementation.AuthorController - AuthorController initialized with service: ImplementAuthorService$$EnhancerBySpringCGLIB$$ffbaa089
2025-04-02 22:02:29 [INFO] com.mjc.school.operation.OperationEngine - Initialized with 2 controllers: ArrayList
2025-04-02 22:03:16 [INFO] com.mjc.school.operation.OperationEngine - Processing operation input: '0'
2025-04-02 22:09:14 [INFO] com.mjc.school.Main - [32mWe start method main() in Class Main[0m
2025-04-02 22:09:15 [INFO] org.springframework.data.repository.config.RepositoryConfigurationDelegate - Bootstrapping Spring Data JPA repositories in DEFAULT mode.
2025-04-02 22:09:15 [INFO] org.springframework.data.repository.config.RepositoryConfigurationDelegate - Finished Spring Data repository scanning in 2 ms. Found 0 JPA repository interfaces.
2025-04-02 22:09:15 [INFO] com.zaxxer.hikari.HikariDataSource - HikariPool-1 - Starting...
2025-04-02 22:09:15 [INFO] com.zaxxer.hikari.HikariDataSource - HikariPool-1 - Start completed.
2025-04-02 22:09:15 [INFO] org.hibernate.jpa.internal.util.LogHelper - HHH000204: Processing PersistenceUnitInfo [name: default]
2025-04-02 22:09:15 [INFO] org.hibernate.Version - HHH000412: Hibernate ORM core version 5.6.14.Final
2025-04-02 22:09:15 [INFO] org.hibernate.annotations.common.Version - HCANN000001: Hibernate Commons Annotations {5.1.2.Final}
2025-04-02 22:09:15 [INFO] org.hibernate.dialect.Dialect - HHH000400: Using dialect: org.hibernate.dialect.H2Dialect
2025-04-02 22:09:15 [INFO] org.hibernate.validator.internal.util.Version - HV000001: Hibernate Validator 6.2.5.Final
2025-04-02 22:09:15 [INFO] org.hibernate.engine.transaction.jta.platform.internal.JtaPlatformInitiator - HHH000490: Using JtaPlatform implementation: [org.hibernate.engine.transaction.jta.platform.internal.NoJtaPlatform]
2025-04-02 22:09:15 [INFO] org.springframework.orm.jpa.LocalContainerEntityManagerFactoryBean - Initialized JPA EntityManagerFactory for persistence unit 'default'
2025-04-02 22:09:15 [INFO] com.mjc.school.SpringConfiguration - Initializing SpringConfiguration...
2025-04-02 22:09:15 [INFO] com.mjc.school.controller.implementation.NewsController - NewsController initialized with service: ImplementNewsService$$EnhancerBySpringCGLIB$$a07cc625
2025-04-02 22:09:15 [INFO] com.mjc.school.controller.implementation.AuthorController - AuthorController initialized with service: ImplementAuthorService$$EnhancerBySpringCGLIB$$ff8de9bd
2025-04-02 22:09:15 [INFO] com.mjc.school.operation.OperationEngine - Initialized with 2 controllers: ArrayList
2025-04-02 22:17:00 [INFO] com.mjc.school.Main - [32mWe start method main() in Class Main[0m
2025-04-02 22:17:00 [INFO] org.hibernate.validator.internal.util.Version - HV000001: Hibernate Validator 6.2.5.Final
2025-04-02 22:17:00 [INFO] com.mjc.school.Main - Starting Main using Java 17.0.14 on Mac with PID 4136 (/Users/macpro/Desktop/code/MJC_School/stage3-module3-task/module-main/build/classes/java/main started by macpro in /Users/macpro/Desktop/code/MJC_School/stage3-module3-task)
2025-04-02 22:17:00 [DEBUG] com.mjc.school.Main - Running with Spring Boot v2.7.7, Spring v5.3.24
2025-04-02 22:17:00 [INFO] com.mjc.school.Main - No active profile set, falling back to 1 default profile: "default"
2025-04-02 22:17:01 [WARN] org.springframework.context.annotation.AnnotationConfigApplicationContext - Exception encountered during context initialization - cancelling refresh attempt: org.springframework.beans.factory.UnsatisfiedDependencyException: Error creating bean with name 'startApplication': Unsatisfied dependency expressed through constructor parameter 0; nested exception is org.springframework.beans.factory.NoSuchBeanDefinitionException: No qualifying bean of type 'com.mjc.school.operation.OperationEngine' available: expected at least 1 bean which qualifies as autowire candidate. Dependency annotations: {}
2025-04-02 22:17:01 [ERROR] org.springframework.boot.diagnostics.LoggingFailureAnalysisReporter - 

***************************
APPLICATION FAILED TO START
***************************

Description:

Parameter 0 of constructor in com.mjc.school.StartApplication required a bean of type 'com.mjc.school.operation.OperationEngine' that could not be found.


Action:

Consider defining a bean of type 'com.mjc.school.operation.OperationEngine' in your configuration.

2025-04-02 22:17:23 [INFO] com.mjc.school.Main - [32mWe start method main() in Class Main[0m
2025-04-02 22:17:23 [INFO] org.springframework.data.repository.config.RepositoryConfigurationDelegate - Bootstrapping Spring Data JPA repositories in DEFAULT mode.
2025-04-02 22:17:23 [INFO] org.springframework.data.repository.config.RepositoryConfigurationDelegate - Finished Spring Data repository scanning in 3 ms. Found 0 JPA repository interfaces.
2025-04-02 22:17:23 [INFO] com.zaxxer.hikari.HikariDataSource - HikariPool-1 - Starting...
2025-04-02 22:17:23 [INFO] com.zaxxer.hikari.HikariDataSource - HikariPool-1 - Start completed.
2025-04-02 22:17:23 [INFO] org.hibernate.jpa.internal.util.LogHelper - HHH000204: Processing PersistenceUnitInfo [name: default]
2025-04-02 22:17:23 [INFO] org.hibernate.Version - HHH000412: Hibernate ORM core version 5.6.14.Final
2025-04-02 22:17:23 [INFO] org.hibernate.annotations.common.Version - HCANN000001: Hibernate Commons Annotations {5.1.2.Final}
2025-04-02 22:17:23 [INFO] org.hibernate.dialect.Dialect - HHH000400: Using dialect: org.hibernate.dialect.H2Dialect
2025-04-02 22:17:23 [INFO] org.hibernate.validator.internal.util.Version - HV000001: Hibernate Validator 6.2.5.Final
2025-04-02 22:17:23 [INFO] org.hibernate.engine.transaction.jta.platform.internal.JtaPlatformInitiator - HHH000490: Using JtaPlatform implementation: [org.hibernate.engine.transaction.jta.platform.internal.NoJtaPlatform]
2025-04-02 22:17:23 [INFO] org.springframework.orm.jpa.LocalContainerEntityManagerFactoryBean - Initialized JPA EntityManagerFactory for persistence unit 'default'
2025-04-02 22:17:23 [INFO] com.mjc.school.SpringConfiguration - Initializing SpringConfiguration...
2025-04-02 22:17:24 [INFO] com.mjc.school.controller.implementation.NewsController - NewsController initialized with service: ImplementNewsService$$EnhancerBySpringCGLIB$$ba540c5e
2025-04-02 22:17:24 [INFO] com.mjc.school.controller.implementation.AuthorController - AuthorController initialized with service: ImplementAuthorService$$EnhancerBySpringCGLIB$$19652ff6
2025-04-02 22:17:24 [INFO] com.mjc.school.operation.OperationEngine - Initialized with 2 controllers: ArrayList
2025-04-02 22:20:35 [INFO] com.mjc.school.Main - [32mWe start method main() in Class Main[0m
2025-04-02 22:20:35 [INFO] org.springframework.data.repository.config.RepositoryConfigurationDelegate - Bootstrapping Spring Data JPA repositories in DEFAULT mode.
2025-04-02 22:20:35 [INFO] org.springframework.data.repository.config.RepositoryConfigurationDelegate - Finished Spring Data repository scanning in 2 ms. Found 0 JPA repository interfaces.
2025-04-02 22:20:35 [INFO] com.zaxxer.hikari.HikariDataSource - HikariPool-1 - Starting...
2025-04-02 22:20:35 [INFO] com.zaxxer.hikari.HikariDataSource - HikariPool-1 - Start completed.
2025-04-02 22:20:35 [INFO] org.hibernate.jpa.internal.util.LogHelper - HHH000204: Processing PersistenceUnitInfo [name: default]
2025-04-02 22:20:35 [INFO] org.hibernate.Version - HHH000412: Hibernate ORM core version 5.6.14.Final
2025-04-02 22:20:35 [INFO] org.hibernate.annotations.common.Version - HCANN000001: Hibernate Commons Annotations {5.1.2.Final}
2025-04-02 22:20:35 [INFO] org.hibernate.dialect.Dialect - HHH000400: Using dialect: org.hibernate.dialect.H2Dialect
2025-04-02 22:20:35 [INFO] org.hibernate.validator.internal.util.Version - HV000001: Hibernate Validator 6.2.5.Final
2025-04-02 22:20:35 [INFO] org.hibernate.engine.transaction.jta.platform.internal.JtaPlatformInitiator - HHH000490: Using JtaPlatform implementation: [org.hibernate.engine.transaction.jta.platform.internal.NoJtaPlatform]
2025-04-02 22:20:35 [INFO] org.springframework.orm.jpa.LocalContainerEntityManagerFactoryBean - Initialized JPA EntityManagerFactory for persistence unit 'default'
2025-04-02 22:20:35 [INFO] com.mjc.school.SpringConfiguration - Initializing SpringConfiguration...
2025-04-02 22:20:35 [INFO] com.mjc.school.controller.implementation.NewsController - NewsController initialized with service: ImplementNewsService$$EnhancerBySpringCGLIB$$a07cc625
2025-04-02 22:20:35 [INFO] com.mjc.school.controller.implementation.AuthorController - AuthorController initialized with service: ImplementAuthorService$$EnhancerBySpringCGLIB$$ff8de9bd
2025-04-02 22:20:35 [INFO] com.mjc.school.operation.OperationEngine - Initialized with 2 controllers: ArrayList
2025-04-02 22:26:10 [INFO] com.mjc.school.Main - [32mWe start method main() in Class Main[0m
2025-04-02 22:26:10 [INFO] org.springframework.data.repository.config.RepositoryConfigurationDelegate - Bootstrapping Spring Data JPA repositories in DEFAULT mode.
2025-04-02 22:26:10 [INFO] org.springframework.data.repository.config.RepositoryConfigurationDelegate - Finished Spring Data repository scanning in 3 ms. Found 0 JPA repository interfaces.
2025-04-02 22:26:10 [INFO] com.zaxxer.hikari.HikariDataSource - HikariPool-1 - Starting...
2025-04-02 22:26:10 [INFO] com.zaxxer.hikari.HikariDataSource - HikariPool-1 - Start completed.
2025-04-02 22:26:10 [INFO] org.hibernate.jpa.internal.util.LogHelper - HHH000204: Processing PersistenceUnitInfo [name: default]
2025-04-02 22:26:10 [INFO] org.hibernate.Version - HHH000412: Hibernate ORM core version 5.6.14.Final
2025-04-02 22:26:10 [INFO] org.hibernate.annotations.common.Version - HCANN000001: Hibernate Commons Annotations {5.1.2.Final}
2025-04-02 22:26:10 [INFO] org.hibernate.dialect.Dialect - HHH000400: Using dialect: org.hibernate.dialect.H2Dialect
2025-04-02 22:26:10 [INFO] org.hibernate.validator.internal.util.Version - HV000001: Hibernate Validator 6.2.5.Final
2025-04-02 22:26:11 [INFO] org.hibernate.engine.transaction.jta.platform.internal.JtaPlatformInitiator - HHH000490: Using JtaPlatform implementation: [org.hibernate.engine.transaction.jta.platform.internal.NoJtaPlatform]
2025-04-02 22:26:11 [INFO] org.springframework.orm.jpa.LocalContainerEntityManagerFactoryBean - Initialized JPA EntityManagerFactory for persistence unit 'default'
2025-04-02 22:26:11 [INFO] com.mjc.school.SpringConfiguration - Initializing SpringConfiguration...
2025-04-02 22:26:11 [INFO] com.mjc.school.controller.implementation.NewsController - NewsController initialized with service: ImplementNewsService$$EnhancerBySpringCGLIB$$25ce8501
2025-04-02 22:26:11 [INFO] com.mjc.school.controller.implementation.AuthorController - AuthorController initialized with service: ImplementAuthorService$$EnhancerBySpringCGLIB$$84dfa899
2025-04-02 22:26:11 [INFO] com.mjc.school.operation.OperationEngine - Initialized with 2 controllers: ArrayList
2025-04-02 22:29:45 [INFO] com.mjc.school.Main - [32mWe start method main() in Class Main[0m
2025-04-02 22:29:45 [INFO] org.springframework.data.repository.config.RepositoryConfigurationDelegate - Bootstrapping Spring Data JPA repositories in DEFAULT mode.
2025-04-02 22:29:45 [INFO] org.springframework.data.repository.config.RepositoryConfigurationDelegate - Finished Spring Data repository scanning in 2 ms. Found 0 JPA repository interfaces.
2025-04-02 22:29:45 [INFO] com.zaxxer.hikari.HikariDataSource - HikariPool-1 - Starting...
2025-04-02 22:29:45 [INFO] com.zaxxer.hikari.HikariDataSource - HikariPool-1 - Start completed.
2025-04-02 22:29:45 [INFO] org.hibernate.jpa.internal.util.LogHelper - HHH000204: Processing PersistenceUnitInfo [name: default]
2025-04-02 22:29:45 [INFO] org.hibernate.Version - HHH000412: Hibernate ORM core version 5.6.14.Final
2025-04-02 22:29:45 [INFO] org.hibernate.annotations.common.Version - HCANN000001: Hibernate Commons Annotations {5.1.2.Final}
2025-04-02 22:29:45 [INFO] org.hibernate.dialect.Dialect - HHH000400: Using dialect: org.hibernate.dialect.H2Dialect
2025-04-02 22:29:45 [INFO] org.hibernate.validator.internal.util.Version - HV000001: Hibernate Validator 6.2.5.Final
2025-04-02 22:29:45 [INFO] org.hibernate.engine.transaction.jta.platform.internal.JtaPlatformInitiator - HHH000490: Using JtaPlatform implementation: [org.hibernate.engine.transaction.jta.platform.internal.NoJtaPlatform]
2025-04-02 22:29:45 [INFO] org.springframework.orm.jpa.LocalContainerEntityManagerFactoryBean - Initialized JPA EntityManagerFactory for persistence unit 'default'
2025-04-02 22:29:45 [INFO] com.mjc.school.SpringConfiguration - Initializing SpringConfiguration...
2025-04-02 22:29:45 [INFO] com.mjc.school.controller.implementation.NewsController - NewsController initialized with service: ImplementNewsService$$EnhancerBySpringCGLIB$$a07cc625
2025-04-02 22:29:45 [INFO] com.mjc.school.controller.implementation.AuthorController - AuthorController initialized with service: ImplementAuthorService$$EnhancerBySpringCGLIB$$ff8de9bd
2025-04-02 22:29:45 [INFO] com.mjc.school.operation.OperationEngine - Initialized with 2 controllers: ArrayList
2025-04-02 22:30:35 [INFO] com.mjc.school.Main - [32mWe start method main() in Class Main[0m
2025-04-02 22:30:35 [INFO] org.springframework.data.repository.config.RepositoryConfigurationDelegate - Bootstrapping Spring Data JPA repositories in DEFAULT mode.
2025-04-02 22:30:35 [INFO] org.springframework.data.repository.config.RepositoryConfigurationDelegate - Finished Spring Data repository scanning in 3 ms. Found 0 JPA repository interfaces.
2025-04-02 22:30:35 [INFO] com.zaxxer.hikari.HikariDataSource - HikariPool-1 - Starting...
2025-04-02 22:30:35 [INFO] com.zaxxer.hikari.HikariDataSource - HikariPool-1 - Start completed.
2025-04-02 22:30:35 [INFO] org.hibernate.jpa.internal.util.LogHelper - HHH000204: Processing PersistenceUnitInfo [name: default]
2025-04-02 22:30:35 [INFO] org.hibernate.Version - HHH000412: Hibernate ORM core version 5.6.14.Final
2025-04-02 22:30:35 [INFO] org.hibernate.annotations.common.Version - HCANN000001: Hibernate Commons Annotations {5.1.2.Final}
2025-04-02 22:30:35 [INFO] org.hibernate.dialect.Dialect - HHH000400: Using dialect: org.hibernate.dialect.H2Dialect
2025-04-02 22:30:36 [INFO] org.hibernate.validator.internal.util.Version - HV000001: Hibernate Validator 6.2.5.Final
2025-04-02 22:30:36 [INFO] org.hibernate.engine.transaction.jta.platform.internal.JtaPlatformInitiator - HHH000490: Using JtaPlatform implementation: [org.hibernate.engine.transaction.jta.platform.internal.NoJtaPlatform]
2025-04-02 22:30:36 [INFO] org.springframework.orm.jpa.LocalContainerEntityManagerFactoryBean - Initialized JPA EntityManagerFactory for persistence unit 'default'
2025-04-02 22:30:36 [INFO] com.mjc.school.SpringConfiguration - Initializing SpringConfiguration...
2025-04-02 22:30:36 [INFO] com.mjc.school.controller.implementation.NewsController - NewsController initialized with service: ImplementNewsService$$EnhancerBySpringCGLIB$$a0a97cf1
2025-04-02 22:30:36 [INFO] com.mjc.school.controller.implementation.AuthorController - AuthorController initialized with service: ImplementAuthorService$$EnhancerBySpringCGLIB$$ffbaa089
2025-04-02 22:30:36 [INFO] com.mjc.school.operation.OperationEngine - Initialized with 2 controllers: ArrayList
2025-04-02 22:33:35 [INFO] com.mjc.school.Main - [32mWe start method main() in Class Main[0m
2025-04-02 22:33:36 [INFO] org.springframework.data.repository.config.RepositoryConfigurationDelegate - Bootstrapping Spring Data JPA repositories in DEFAULT mode.
2025-04-02 22:33:36 [INFO] org.springframework.data.repository.config.RepositoryConfigurationDelegate - Finished Spring Data repository scanning in 2 ms. Found 0 JPA repository interfaces.
2025-04-02 22:33:36 [INFO] com.zaxxer.hikari.HikariDataSource - HikariPool-1 - Starting...
2025-04-02 22:33:36 [INFO] com.zaxxer.hikari.HikariDataSource - HikariPool-1 - Start completed.
2025-04-02 22:33:36 [INFO] org.hibernate.jpa.internal.util.LogHelper - HHH000204: Processing PersistenceUnitInfo [name: default]
2025-04-02 22:33:36 [INFO] org.hibernate.Version - HHH000412: Hibernate ORM core version 5.6.14.Final
2025-04-02 22:33:36 [INFO] org.hibernate.annotations.common.Version - HCANN000001: Hibernate Commons Annotations {5.1.2.Final}
2025-04-02 22:33:36 [INFO] org.hibernate.dialect.Dialect - HHH000400: Using dialect: org.hibernate.dialect.H2Dialect
2025-04-02 22:33:36 [INFO] org.hibernate.validator.internal.util.Version - HV000001: Hibernate Validator 6.2.5.Final
2025-04-02 22:33:36 [INFO] org.hibernate.engine.transaction.jta.platform.internal.JtaPlatformInitiator - HHH000490: Using JtaPlatform implementation: [org.hibernate.engine.transaction.jta.platform.internal.NoJtaPlatform]
2025-04-02 22:33:36 [INFO] org.springframework.orm.jpa.LocalContainerEntityManagerFactoryBean - Initialized JPA EntityManagerFactory for persistence unit 'default'
2025-04-02 22:33:36 [INFO] com.mjc.school.SpringConfiguration - Initializing SpringConfiguration...
2025-04-02 22:33:36 [INFO] com.mjc.school.controller.implementation.NewsController - NewsController initialized with service: ImplementNewsService$$EnhancerBySpringCGLIB$$a0a97cf1
2025-04-02 22:33:36 [INFO] com.mjc.school.controller.implementation.AuthorController - AuthorController initialized with service: ImplementAuthorService$$EnhancerBySpringCGLIB$$ffbaa089
2025-04-02 22:33:36 [INFO] com.mjc.school.operation.OperationEngine - Initialized with 2 controllers: ArrayList
2025-04-02 22:41:54 [INFO] com.mjc.school.Main - [32mWe start method main() in Class Main[0m
2025-04-02 22:41:54 [INFO] org.springframework.data.repository.config.RepositoryConfigurationDelegate - Bootstrapping Spring Data JPA repositories in DEFAULT mode.
2025-04-02 22:41:54 [INFO] org.springframework.data.repository.config.RepositoryConfigurationDelegate - Finished Spring Data repository scanning in 2 ms. Found 0 JPA repository interfaces.
2025-04-02 22:41:54 [INFO] com.zaxxer.hikari.HikariDataSource - HikariPool-1 - Starting...
2025-04-02 22:41:54 [INFO] com.zaxxer.hikari.HikariDataSource - HikariPool-1 - Start completed.
2025-04-02 22:41:54 [INFO] org.hibernate.jpa.internal.util.LogHelper - HHH000204: Processing PersistenceUnitInfo [name: default]
2025-04-02 22:41:54 [INFO] org.hibernate.Version - HHH000412: Hibernate ORM core version 5.6.14.Final
2025-04-02 22:41:54 [INFO] org.hibernate.annotations.common.Version - HCANN000001: Hibernate Commons Annotations {5.1.2.Final}
2025-04-02 22:41:54 [INFO] org.hibernate.dialect.Dialect - HHH000400: Using dialect: org.hibernate.dialect.H2Dialect
2025-04-02 22:41:54 [INFO] org.hibernate.validator.internal.util.Version - HV000001: Hibernate Validator 6.2.5.Final
2025-04-02 22:41:54 [INFO] org.hibernate.engine.transaction.jta.platform.internal.JtaPlatformInitiator - HHH000490: Using JtaPlatform implementation: [org.hibernate.engine.transaction.jta.platform.internal.NoJtaPlatform]
2025-04-02 22:41:54 [INFO] org.springframework.orm.jpa.LocalContainerEntityManagerFactoryBean - Initialized JPA EntityManagerFactory for persistence unit 'default'
2025-04-02 22:41:54 [INFO] com.mjc.school.SpringConfiguration - Initializing SpringConfiguration...
2025-04-02 22:41:54 [INFO] com.mjc.school.controller.implementation.NewsController - NewsController initialized with service: ImplementNewsService$$EnhancerBySpringCGLIB$$25ce8501
2025-04-02 22:41:54 [INFO] com.mjc.school.controller.implementation.AuthorController - AuthorController initialized with service: ImplementAuthorService$$EnhancerBySpringCGLIB$$84dfa899
2025-04-02 22:41:54 [INFO] com.mjc.school.operation.OperationEngine - Initialized with 2 controllers: ArrayList
2025-04-02 22:43:40 [INFO] com.mjc.school.operation.OperationEngine - Processing operation input: '0'
2025-04-02 22:44:25 [INFO] com.mjc.school.Main - [32mWe start method main() in Class Main[0m
2025-04-02 22:44:26 [INFO] org.springframework.data.repository.config.RepositoryConfigurationDelegate - Bootstrapping Spring Data JPA repositories in DEFAULT mode.
2025-04-02 22:44:26 [INFO] org.springframework.data.repository.config.RepositoryConfigurationDelegate - Finished Spring Data repository scanning in 2 ms. Found 0 JPA repository interfaces.
2025-04-02 22:44:26 [INFO] com.zaxxer.hikari.HikariDataSource - HikariPool-1 - Starting...
2025-04-02 22:44:26 [INFO] com.zaxxer.hikari.HikariDataSource - HikariPool-1 - Start completed.
2025-04-02 22:44:26 [INFO] org.hibernate.jpa.internal.util.LogHelper - HHH000204: Processing PersistenceUnitInfo [name: default]
2025-04-02 22:44:26 [INFO] org.hibernate.Version - HHH000412: Hibernate ORM core version 5.6.14.Final
2025-04-02 22:44:26 [INFO] org.hibernate.annotations.common.Version - HCANN000001: Hibernate Commons Annotations {5.1.2.Final}
2025-04-02 22:44:26 [INFO] org.hibernate.dialect.Dialect - HHH000400: Using dialect: org.hibernate.dialect.H2Dialect
2025-04-02 22:44:26 [INFO] org.hibernate.validator.internal.util.Version - HV000001: Hibernate Validator 6.2.5.Final
2025-04-02 22:44:26 [INFO] org.hibernate.engine.transaction.jta.platform.internal.JtaPlatformInitiator - HHH000490: Using JtaPlatform implementation: [org.hibernate.engine.transaction.jta.platform.internal.NoJtaPlatform]
2025-04-02 22:44:26 [INFO] org.springframework.orm.jpa.LocalContainerEntityManagerFactoryBean - Initialized JPA EntityManagerFactory for persistence unit 'default'
2025-04-02 22:44:26 [INFO] com.mjc.school.SpringConfiguration - Initializing SpringConfiguration...
2025-04-02 22:44:26 [INFO] com.mjc.school.controller.implementation.NewsController - NewsController initialized with service: ImplementNewsService$$EnhancerBySpringCGLIB$$25ce8501
2025-04-02 22:44:26 [INFO] com.mjc.school.controller.implementation.AuthorController - AuthorController initialized with service: ImplementAuthorService$$EnhancerBySpringCGLIB$$84dfa899
2025-04-02 22:44:26 [INFO] com.mjc.school.operation.OperationEngine - Initialized with 2 controllers: ArrayList
2025-04-02 22:48:41 [INFO] com.mjc.school.Main - [32mWe start method main() in Class Main[0m
2025-04-02 22:48:41 [INFO] org.springframework.data.repository.config.RepositoryConfigurationDelegate - Bootstrapping Spring Data JPA repositories in DEFAULT mode.
2025-04-02 22:48:41 [INFO] org.springframework.data.repository.config.RepositoryConfigurationDelegate - Finished Spring Data repository scanning in 3 ms. Found 0 JPA repository interfaces.
2025-04-02 22:48:41 [INFO] com.zaxxer.hikari.HikariDataSource - HikariPool-1 - Starting...
2025-04-02 22:48:41 [INFO] com.zaxxer.hikari.HikariDataSource - HikariPool-1 - Start completed.
2025-04-02 22:48:41 [INFO] org.hibernate.jpa.internal.util.LogHelper - HHH000204: Processing PersistenceUnitInfo [name: default]
2025-04-02 22:48:41 [INFO] org.hibernate.Version - HHH000412: Hibernate ORM core version 5.6.14.Final
2025-04-02 22:48:41 [INFO] org.hibernate.annotations.common.Version - HCANN000001: Hibernate Commons Annotations {5.1.2.Final}
2025-04-02 22:48:41 [INFO] org.hibernate.dialect.Dialect - HHH000400: Using dialect: org.hibernate.dialect.H2Dialect
2025-04-02 22:48:41 [INFO] org.hibernate.validator.internal.util.Version - HV000001: Hibernate Validator 6.2.5.Final
2025-04-02 22:48:41 [INFO] org.hibernate.engine.transaction.jta.platform.internal.JtaPlatformInitiator - HHH000490: Using JtaPlatform implementation: [org.hibernate.engine.transaction.jta.platform.internal.NoJtaPlatform]
2025-04-02 22:48:41 [INFO] org.springframework.orm.jpa.LocalContainerEntityManagerFactoryBean - Initialized JPA EntityManagerFactory for persistence unit 'default'
2025-04-02 22:48:41 [INFO] com.mjc.school.SpringConfiguration - Initializing SpringConfiguration...
2025-04-02 22:48:41 [INFO] com.mjc.school.controller.implementation.NewsController - NewsController initialized with service: ImplementNewsService$$EnhancerBySpringCGLIB$$25ce8501
2025-04-02 22:48:41 [INFO] com.mjc.school.controller.implementation.AuthorController - AuthorController initialized with service: ImplementAuthorService$$EnhancerBySpringCGLIB$$84dfa899
2025-04-02 22:48:41 [INFO] com.mjc.school.operation.OperationEngine - Initialized with 2 controllers: ArrayList
2025-04-02 22:50:02 [INFO] com.mjc.school.Main - [32mWe start method main() in Class Main[0m
2025-04-02 22:50:02 [INFO] org.springframework.data.repository.config.RepositoryConfigurationDelegate - Bootstrapping Spring Data JPA repositories in DEFAULT mode.
2025-04-02 22:50:02 [INFO] org.springframework.data.repository.config.RepositoryConfigurationDelegate - Finished Spring Data repository scanning in 2 ms. Found 0 JPA repository interfaces.
2025-04-02 22:50:02 [INFO] com.zaxxer.hikari.HikariDataSource - HikariPool-1 - Starting...
2025-04-02 22:50:02 [INFO] com.zaxxer.hikari.HikariDataSource - HikariPool-1 - Start completed.
2025-04-02 22:50:02 [INFO] org.hibernate.jpa.internal.util.LogHelper - HHH000204: Processing PersistenceUnitInfo [name: default]
2025-04-02 22:50:02 [INFO] org.hibernate.Version - HHH000412: Hibernate ORM core version 5.6.14.Final
2025-04-02 22:50:02 [INFO] org.hibernate.annotations.common.Version - HCANN000001: Hibernate Commons Annotations {5.1.2.Final}
2025-04-02 22:50:02 [INFO] org.hibernate.dialect.Dialect - HHH000400: Using dialect: org.hibernate.dialect.H2Dialect
2025-04-02 22:50:02 [INFO] org.hibernate.validator.internal.util.Version - HV000001: Hibernate Validator 6.2.5.Final
2025-04-02 22:50:03 [INFO] org.hibernate.engine.transaction.jta.platform.internal.JtaPlatformInitiator - HHH000490: Using JtaPlatform implementation: [org.hibernate.engine.transaction.jta.platform.internal.NoJtaPlatform]
2025-04-02 22:50:03 [INFO] org.springframework.orm.jpa.LocalContainerEntityManagerFactoryBean - Initialized JPA EntityManagerFactory for persistence unit 'default'
2025-04-02 22:50:03 [INFO] com.mjc.school.SpringConfiguration - Initializing SpringConfiguration...
2025-04-02 22:50:03 [INFO] com.mjc.school.controller.implementation.NewsController - NewsController initialized with service: ImplementNewsService$$EnhancerBySpringCGLIB$$25ce8501
2025-04-02 22:50:03 [INFO] com.mjc.school.controller.implementation.AuthorController - AuthorController initialized with service: ImplementAuthorService$$EnhancerBySpringCGLIB$$84dfa899
2025-04-02 22:50:03 [INFO] com.mjc.school.operation.OperationEngine - Initialized with 2 controllers: ArrayList
2025-04-02 22:51:21 [INFO] com.mjc.school.Main - [32mWe start method main() in Class Main[0m
2025-04-02 22:51:21 [INFO] org.springframework.data.repository.config.RepositoryConfigurationDelegate - Bootstrapping Spring Data JPA repositories in DEFAULT mode.
2025-04-02 22:51:21 [INFO] org.springframework.data.repository.config.RepositoryConfigurationDelegate - Finished Spring Data repository scanning in 2 ms. Found 0 JPA repository interfaces.
2025-04-02 22:51:21 [INFO] com.zaxxer.hikari.HikariDataSource - HikariPool-1 - Starting...
2025-04-02 22:51:21 [INFO] com.zaxxer.hikari.HikariDataSource - HikariPool-1 - Start completed.
2025-04-02 22:51:21 [INFO] org.hibernate.jpa.internal.util.LogHelper - HHH000204: Processing PersistenceUnitInfo [name: default]
2025-04-02 22:51:21 [INFO] org.hibernate.Version - HHH000412: Hibernate ORM core version 5.6.14.Final
2025-04-02 22:51:21 [INFO] org.hibernate.annotations.common.Version - HCANN000001: Hibernate Commons Annotations {5.1.2.Final}
2025-04-02 22:51:21 [INFO] org.hibernate.dialect.Dialect - HHH000400: Using dialect: org.hibernate.dialect.H2Dialect
2025-04-02 22:51:21 [INFO] org.hibernate.validator.internal.util.Version - HV000001: Hibernate Validator 6.2.5.Final
2025-04-02 22:51:22 [INFO] org.hibernate.engine.transaction.jta.platform.internal.JtaPlatformInitiator - HHH000490: Using JtaPlatform implementation: [org.hibernate.engine.transaction.jta.platform.internal.NoJtaPlatform]
2025-04-02 22:51:22 [INFO] org.springframework.orm.jpa.LocalContainerEntityManagerFactoryBean - Initialized JPA EntityManagerFactory for persistence unit 'default'
2025-04-02 22:51:22 [INFO] com.mjc.school.SpringConfiguration - Initializing SpringConfiguration...
2025-04-02 22:51:22 [INFO] com.mjc.school.controller.implementation.NewsController - NewsController initialized with service: ImplementNewsService$$EnhancerBySpringCGLIB$$25ce8501
2025-04-02 22:51:22 [INFO] com.mjc.school.controller.implementation.AuthorController - AuthorController initialized with service: ImplementAuthorService$$EnhancerBySpringCGLIB$$84dfa899
2025-04-02 22:51:22 [INFO] com.mjc.school.operation.OperationEngine - Initialized with 2 controllers: ArrayList
2025-04-02 23:25:45 [WARN] com.zaxxer.hikari.pool.HikariPool - HikariPool-1 - Thread starvation or clock leap detected (housekeeper delta=15m52s990ms).
2025-04-02 23:41:24 [WARN] com.zaxxer.hikari.pool.HikariPool - HikariPool-1 - Thread starvation or clock leap detected (housekeeper delta=15m39s552ms).
2025-04-02 23:58:55 [WARN] com.zaxxer.hikari.pool.HikariPool - HikariPool-1 - Thread starvation or clock leap detected (housekeeper delta=17m959ms).
