2025-04-03 00:00:32 [WARN] com.zaxxer.hikari.pool.HikariPool - HikariPool-1 - Thread starvation or clock leap detected (housekeeper delta=1m37s26ms).
2025-04-03 00:18:40 [WARN] com.zaxxer.hikari.pool.HikariPool - HikariPool-1 - Thread starvation or clock leap detected (housekeeper delta=17m37s804ms).
2025-04-03 00:31:32 [WARN] com.zaxxer.hikari.pool.HikariPool - HikariPool-1 - Thread starvation or clock leap detected (housekeeper delta=12m22s441ms).
2025-04-03 10:53:42 [INFO] com.mjc.school.Main - [32mWe start method main() in Class Main[0m
2025-04-03 10:53:42 [INFO] org.hibernate.validator.internal.util.Version - HV000001: Hibernate Validator 6.2.5.Final
2025-04-03 10:53:42 [INFO] com.mjc.school.Main - Starting Main using Java 17.0.14 on Mac with PID 1073 (/Users/macpro/Desktop/code/MJC_School/stage3-module3-task/module-main/build/classes/java/main started by macpro in /Users/macpro/Desktop/code/MJC_School/stage3-module3-task)
2025-04-03 10:53:42 [DEBUG] com.mjc.school.Main - Running with Spring Boot v2.7.7, Spring v5.3.24
2025-04-03 10:53:42 [INFO] com.mjc.school.Main - No active profile set, falling back to 1 default profile: "default"
2025-04-03 10:53:42 [INFO] org.springframework.data.repository.config.RepositoryConfigurationDelegate - Bootstrapping Spring Data JPA repositories in DEFAULT mode.
2025-04-03 10:53:42 [INFO] org.springframework.data.repository.config.RepositoryConfigurationDelegate - Finished Spring Data repository scanning in 3 ms. Found 0 JPA repository interfaces.
2025-04-03 10:53:42 [INFO] org.springframework.boot.web.embedded.tomcat.TomcatWebServer - Tomcat initialized with port(s): 8080 (http)
2025-04-03 10:53:42 [INFO] org.apache.coyote.http11.Http11NioProtocol - Initializing ProtocolHandler ["http-nio-8080"]
2025-04-03 10:53:42 [INFO] org.apache.catalina.core.StandardService - Starting service [Tomcat]
2025-04-03 10:53:42 [INFO] org.apache.catalina.core.StandardEngine - Starting Servlet engine: [Apache Tomcat/9.0.70]
2025-04-03 10:53:42 [INFO] org.apache.catalina.core.ContainerBase.[Tomcat].[localhost].[/] - Initializing Spring embedded WebApplicationContext
2025-04-03 10:53:42 [INFO] org.springframework.boot.web.servlet.context.ServletWebServerApplicationContext - Root WebApplicationContext: initialization completed in 408 ms
2025-04-03 10:53:42 [INFO] com.zaxxer.hikari.HikariDataSource - HikariPool-1 - Starting...
2025-04-03 10:53:42 [INFO] com.zaxxer.hikari.HikariDataSource - HikariPool-1 - Start completed.
2025-04-03 10:53:42 [INFO] org.springframework.boot.autoconfigure.h2.H2ConsoleAutoConfiguration - H2 console available at '/h2-console'. Database available at 'jdbc:h2:mem:testdb'
2025-04-03 10:53:43 [INFO] org.hibernate.jpa.internal.util.LogHelper - HHH000204: Processing PersistenceUnitInfo [name: default]
2025-04-03 10:53:43 [INFO] org.hibernate.Version - HHH000412: Hibernate ORM core version 5.6.14.Final
2025-04-03 10:53:43 [INFO] org.hibernate.annotations.common.Version - HCANN000001: Hibernate Commons Annotations {5.1.2.Final}
2025-04-03 10:53:43 [INFO] org.hibernate.dialect.Dialect - HHH000400: Using dialect: org.hibernate.dialect.H2Dialect
2025-04-03 10:53:43 [INFO] org.hibernate.engine.transaction.jta.platform.internal.JtaPlatformInitiator - HHH000490: Using JtaPlatform implementation: [org.hibernate.engine.transaction.jta.platform.internal.NoJtaPlatform]
2025-04-03 10:53:43 [INFO] org.springframework.orm.jpa.LocalContainerEntityManagerFactoryBean - Initialized JPA EntityManagerFactory for persistence unit 'default'
2025-04-03 10:53:43 [INFO] com.mjc.school.SpringConfiguration - Initializing SpringConfiguration...
2025-04-03 10:53:43 [INFO] com.mjc.school.controller.implementation.NewsController - NewsController initialized with service: ImplementNewsService$$EnhancerBySpringCGLIB$$8860098d
2025-04-03 10:53:43 [INFO] com.mjc.school.controller.implementation.AuthorController - AuthorController initialized with service: ImplementAuthorService$$EnhancerBySpringCGLIB$$e7712d25
2025-04-03 10:53:43 [INFO] com.mjc.school.operation.OperationEngine - Initialized with 2 controllers: ArrayList
2025-04-03 10:53:43 [WARN] org.springframework.boot.autoconfigure.orm.jpa.JpaBaseConfiguration$JpaWebConfiguration - spring.jpa.open-in-view is enabled by default. Therefore, database queries may be performed during view rendering. Explicitly configure spring.jpa.open-in-view to disable this warning
2025-04-03 10:53:43 [INFO] org.apache.coyote.http11.Http11NioProtocol - Starting ProtocolHandler ["http-nio-8080"]
2025-04-03 10:53:43 [INFO] org.springframework.boot.web.embedded.tomcat.TomcatWebServer - Tomcat started on port(s): 8080 (http) with context path ''
2025-04-03 10:53:43 [INFO] com.mjc.school.Main - Started Main in 1.095 seconds (JVM running for 1.247)
2025-04-03 10:53:43 [INFO] com.mjc.school.Main - The end of the method main in the Main class, application work finished successfully

2025-04-03 10:54:11 [INFO] org.apache.catalina.core.ContainerBase.[Tomcat].[localhost].[/] - Initializing Spring DispatcherServlet 'dispatcherServlet'
2025-04-03 10:54:11 [INFO] org.springframework.web.servlet.DispatcherServlet - Initializing Servlet 'dispatcherServlet'
2025-04-03 10:54:11 [INFO] org.springframework.web.servlet.DispatcherServlet - Completed initialization in 2 ms
2025-04-03 10:55:48 [INFO] org.springframework.orm.jpa.LocalContainerEntityManagerFactoryBean - Closing JPA EntityManagerFactory for persistence unit 'default'
2025-04-03 10:55:48 [INFO] org.hibernate.tool.schema.internal.SchemaDropperImpl$DelayedDropActionImpl - HHH000477: Starting delayed evictData of schema as part of SessionFactory shut-down'
2025-04-03 10:55:48 [INFO] com.zaxxer.hikari.HikariDataSource - HikariPool-1 - Shutdown initiated...
2025-04-03 10:55:48 [INFO] com.zaxxer.hikari.HikariDataSource - HikariPool-1 - Shutdown completed.
2025-04-03 10:55:49 [INFO] com.mjc.school.Main - [32mWe start method main() in Class Main[0m
2025-04-03 10:55:49 [INFO] org.springframework.data.repository.config.RepositoryConfigurationDelegate - Bootstrapping Spring Data JPA repositories in DEFAULT mode.
2025-04-03 10:55:49 [INFO] org.springframework.data.repository.config.RepositoryConfigurationDelegate - Finished Spring Data repository scanning in 3 ms. Found 0 JPA repository interfaces.
2025-04-03 10:55:49 [INFO] com.zaxxer.hikari.HikariDataSource - HikariPool-1 - Starting...
2025-04-03 10:55:49 [INFO] com.zaxxer.hikari.HikariDataSource - HikariPool-1 - Start completed.
2025-04-03 10:55:49 [INFO] org.hibernate.jpa.internal.util.LogHelper - HHH000204: Processing PersistenceUnitInfo [name: default]
2025-04-03 10:55:49 [INFO] org.hibernate.Version - HHH000412: Hibernate ORM core version 5.6.14.Final
2025-04-03 10:55:50 [INFO] org.hibernate.annotations.common.Version - HCANN000001: Hibernate Commons Annotations {5.1.2.Final}
2025-04-03 10:55:50 [INFO] org.hibernate.dialect.Dialect - HHH000400: Using dialect: org.hibernate.dialect.H2Dialect
2025-04-03 10:55:50 [INFO] org.hibernate.validator.internal.util.Version - HV000001: Hibernate Validator 6.2.5.Final
2025-04-03 10:55:50 [INFO] org.hibernate.engine.transaction.jta.platform.internal.JtaPlatformInitiator - HHH000490: Using JtaPlatform implementation: [org.hibernate.engine.transaction.jta.platform.internal.NoJtaPlatform]
2025-04-03 10:55:50 [INFO] org.springframework.orm.jpa.LocalContainerEntityManagerFactoryBean - Initialized JPA EntityManagerFactory for persistence unit 'default'
2025-04-03 10:55:50 [INFO] com.mjc.school.SpringConfiguration - Initializing SpringConfiguration...
2025-04-03 10:55:50 [INFO] com.mjc.school.controller.implementation.NewsController - NewsController initialized with service: ImplementNewsService$$EnhancerBySpringCGLIB$$b21d9670
2025-04-03 10:55:50 [INFO] com.mjc.school.controller.implementation.AuthorController - AuthorController initialized with service: ImplementAuthorService$$EnhancerBySpringCGLIB$$112eba08
2025-04-03 10:55:50 [INFO] com.mjc.school.operation.OperationEngine - Initialized with 2 controllers: ArrayList
2025-04-03 10:55:50 [INFO] com.mjc.school.Main - Starting Main using Java 17.0.14 on Mac with PID 1171 (/Users/macpro/Desktop/code/MJC_School/stage3-module3-task/module-main/build/classes/java/main started by macpro in /Users/macpro/Desktop/code/MJC_School/stage3-module3-task)
2025-04-03 10:55:50 [DEBUG] com.mjc.school.Main - Running with Spring Boot v2.7.7, Spring v5.3.24
2025-04-03 10:55:50 [INFO] com.mjc.school.Main - No active profile set, falling back to 1 default profile: "default"
2025-04-03 10:55:50 [INFO] org.springframework.data.repository.config.RepositoryConfigurationDelegate - Bootstrapping Spring Data JPA repositories in DEFAULT mode.
2025-04-03 10:55:50 [INFO] org.springframework.data.repository.config.RepositoryConfigurationDelegate - Finished Spring Data repository scanning in 1 ms. Found 0 JPA repository interfaces.
2025-04-03 10:55:50 [INFO] org.springframework.boot.web.embedded.tomcat.TomcatWebServer - Tomcat initialized with port(s): 8080 (http)
2025-04-03 10:55:50 [INFO] org.apache.coyote.http11.Http11NioProtocol - Initializing ProtocolHandler ["http-nio-8080"]
2025-04-03 10:55:50 [INFO] org.apache.catalina.core.StandardService - Starting service [Tomcat]
2025-04-03 10:55:50 [INFO] org.apache.catalina.core.StandardEngine - Starting Servlet engine: [Apache Tomcat/9.0.70]
2025-04-03 10:55:50 [INFO] org.apache.catalina.core.ContainerBase.[Tomcat].[localhost].[/] - Initializing Spring embedded WebApplicationContext
2025-04-03 10:55:50 [INFO] org.springframework.boot.web.servlet.context.ServletWebServerApplicationContext - Root WebApplicationContext: initialization completed in 183 ms
2025-04-03 10:55:50 [INFO] com.zaxxer.hikari.HikariDataSource - HikariPool-2 - Starting...
2025-04-03 10:55:50 [INFO] com.zaxxer.hikari.HikariDataSource - HikariPool-2 - Start completed.
2025-04-03 10:55:50 [INFO] org.springframework.boot.autoconfigure.h2.H2ConsoleAutoConfiguration - H2 console available at '/h2-console'. Database available at 'jdbc:h2:mem:testdb'
2025-04-03 10:55:50 [INFO] org.hibernate.jpa.internal.util.LogHelper - HHH000204: Processing PersistenceUnitInfo [name: default]
2025-04-03 10:55:50 [INFO] org.hibernate.dialect.Dialect - HHH000400: Using dialect: org.hibernate.dialect.H2Dialect
2025-04-03 10:55:50 [INFO] org.hibernate.engine.transaction.jta.platform.internal.JtaPlatformInitiator - HHH000490: Using JtaPlatform implementation: [org.hibernate.engine.transaction.jta.platform.internal.NoJtaPlatform]
2025-04-03 10:55:50 [INFO] org.springframework.orm.jpa.LocalContainerEntityManagerFactoryBean - Initialized JPA EntityManagerFactory for persistence unit 'default'
2025-04-03 10:55:50 [INFO] com.mjc.school.SpringConfiguration - Initializing SpringConfiguration...
2025-04-03 10:55:50 [INFO] com.mjc.school.controller.implementation.NewsController - NewsController initialized with service: ImplementNewsService$$EnhancerBySpringCGLIB$$b21d9670
2025-04-03 10:55:50 [INFO] com.mjc.school.controller.implementation.AuthorController - AuthorController initialized with service: ImplementAuthorService$$EnhancerBySpringCGLIB$$112eba08
2025-04-03 10:55:50 [INFO] com.mjc.school.operation.OperationEngine - Initialized with 2 controllers: ArrayList
2025-04-03 10:55:50 [WARN] org.springframework.boot.autoconfigure.orm.jpa.JpaBaseConfiguration$JpaWebConfiguration - spring.jpa.open-in-view is enabled by default. Therefore, database queries may be performed during view rendering. Explicitly configure spring.jpa.open-in-view to disable this warning
2025-04-03 10:55:50 [INFO] org.apache.coyote.http11.Http11NioProtocol - Starting ProtocolHandler ["http-nio-8080"]
2025-04-03 10:55:50 [INFO] org.springframework.boot.web.embedded.tomcat.TomcatWebServer - Tomcat started on port(s): 8080 (http) with context path ''
2025-04-03 10:55:50 [INFO] com.mjc.school.Main - Started Main in 0.392 seconds (JVM running for 1.421)
2025-04-03 11:07:17 [INFO] com.mjc.school.operation.OperationEngine - Processing operation input: '0'
2025-04-03 11:07:17 [INFO] org.springframework.orm.jpa.LocalContainerEntityManagerFactoryBean - Closing JPA EntityManagerFactory for persistence unit 'default'
2025-04-03 11:07:17 [INFO] org.hibernate.tool.schema.internal.SchemaDropperImpl$DelayedDropActionImpl - HHH000477: Starting delayed evictData of schema as part of SessionFactory shut-down'
2025-04-03 11:07:18 [INFO] com.zaxxer.hikari.HikariDataSource - HikariPool-2 - Shutdown initiated...
2025-04-03 11:07:18 [INFO] com.zaxxer.hikari.HikariDataSource - HikariPool-2 - Shutdown completed.
2025-04-03 11:11:46 [INFO] com.mjc.school.Main - [32mWe start method main() in Class Main[0m
2025-04-03 11:11:46 [INFO] org.hibernate.validator.internal.util.Version - HV000001: Hibernate Validator 6.2.5.Final
2025-04-03 11:11:46 [INFO] com.mjc.school.Main - Starting Main using Java 17.0.14 on Mac with PID 1368 (/Users/macpro/Desktop/code/MJC_School/stage3-module3-task/module-main/build/classes/java/main started by macpro in /Users/macpro/Desktop/code/MJC_School/stage3-module3-task)
2025-04-03 11:11:46 [DEBUG] com.mjc.school.Main - Running with Spring Boot v2.7.7, Spring v5.3.24
2025-04-03 11:11:46 [INFO] com.mjc.school.Main - No active profile set, falling back to 1 default profile: "default"
2025-04-03 11:11:46 [INFO] org.springframework.data.repository.config.RepositoryConfigurationDelegate - Bootstrapping Spring Data JPA repositories in DEFAULT mode.
2025-04-03 11:11:46 [INFO] org.springframework.data.repository.config.RepositoryConfigurationDelegate - Finished Spring Data repository scanning in 3 ms. Found 0 JPA repository interfaces.
2025-04-03 11:11:46 [INFO] org.springframework.boot.web.embedded.tomcat.TomcatWebServer - Tomcat initialized with port(s): 8080 (http)
2025-04-03 11:11:46 [INFO] org.apache.coyote.http11.Http11NioProtocol - Initializing ProtocolHandler ["http-nio-8080"]
2025-04-03 11:11:46 [INFO] org.apache.catalina.core.StandardService - Starting service [Tomcat]
2025-04-03 11:11:46 [INFO] org.apache.catalina.core.StandardEngine - Starting Servlet engine: [Apache Tomcat/9.0.70]
2025-04-03 11:11:46 [INFO] org.apache.catalina.core.ContainerBase.[Tomcat].[localhost].[/] - Initializing Spring embedded WebApplicationContext
2025-04-03 11:11:46 [INFO] org.springframework.boot.web.servlet.context.ServletWebServerApplicationContext - Root WebApplicationContext: initialization completed in 410 ms
2025-04-03 11:11:46 [INFO] com.zaxxer.hikari.HikariDataSource - HikariPool-1 - Starting...
2025-04-03 11:11:46 [INFO] com.zaxxer.hikari.HikariDataSource - HikariPool-1 - Start completed.
2025-04-03 11:11:46 [INFO] org.springframework.boot.autoconfigure.h2.H2ConsoleAutoConfiguration - H2 console available at '/h2-console'. Database available at 'jdbc:h2:mem:testdb'
2025-04-03 11:11:46 [INFO] org.hibernate.jpa.internal.util.LogHelper - HHH000204: Processing PersistenceUnitInfo [name: default]
2025-04-03 11:11:47 [INFO] org.hibernate.Version - HHH000412: Hibernate ORM core version 5.6.14.Final
2025-04-03 11:11:47 [INFO] org.hibernate.annotations.common.Version - HCANN000001: Hibernate Commons Annotations {5.1.2.Final}
2025-04-03 11:11:47 [INFO] org.hibernate.dialect.Dialect - HHH000400: Using dialect: org.hibernate.dialect.H2Dialect
2025-04-03 11:11:47 [INFO] org.hibernate.engine.transaction.jta.platform.internal.JtaPlatformInitiator - HHH000490: Using JtaPlatform implementation: [org.hibernate.engine.transaction.jta.platform.internal.NoJtaPlatform]
2025-04-03 11:11:47 [INFO] org.springframework.orm.jpa.LocalContainerEntityManagerFactoryBean - Initialized JPA EntityManagerFactory for persistence unit 'default'
2025-04-03 11:11:47 [INFO] com.mjc.school.controller.implementation.NewsController - NewsController initialized with service: ImplementNewsService$$EnhancerBySpringCGLIB$$7e50ec26
2025-04-03 11:11:47 [INFO] com.mjc.school.controller.implementation.AuthorController - AuthorController initialized with service: ImplementAuthorService$$EnhancerBySpringCGLIB$$dd620fbe
2025-04-03 11:11:47 [INFO] com.mjc.school.operation.OperationEngine - Initialized with 2 controllers: ArrayList
2025-04-03 11:11:47 [WARN] org.springframework.boot.autoconfigure.orm.jpa.JpaBaseConfiguration$JpaWebConfiguration - spring.jpa.open-in-view is enabled by default. Therefore, database queries may be performed during view rendering. Explicitly configure spring.jpa.open-in-view to disable this warning
2025-04-03 11:11:47 [INFO] org.apache.coyote.http11.Http11NioProtocol - Starting ProtocolHandler ["http-nio-8080"]
2025-04-03 11:11:47 [INFO] org.springframework.boot.web.embedded.tomcat.TomcatWebServer - Tomcat started on port(s): 8080 (http) with context path ''
2025-04-03 11:11:47 [INFO] com.mjc.school.Main - Started Main in 1.095 seconds (JVM running for 1.237)
2025-04-03 11:12:09 [INFO] com.mjc.school.operation.OperationEngine - Processing operation input: '1'
2025-04-03 11:12:09 [INFO] com.mjc.school.controller.implementation.NewsController - Controller news component -> Fetching all news articles
2025-04-03 11:12:09 [INFO] com.mjc.school.service.implementation.ImplementNewsService - Service News Component -> Fetching all news articles
2025-04-03 11:12:09 [INFO] com.mjc.school.service.implementation.ImplementNewsService - Service News Component -> Fetching all news articles
2025-04-03 11:12:11 [INFO] com.mjc.school.operation.OperationEngine - Processing operation input: '2'
2025-04-03 11:12:11 [INFO] com.mjc.school.controller.implementation.AuthorController - Controller author component -> Fetching all authors
2025-04-03 11:12:11 [INFO] com.mjc.school.service.implementation.ImplementAuthorService - Service Author Component -> Fetching all authors
2025-04-03 11:24:08 [INFO] org.springframework.boot.autoconfigure.logging.ConditionEvaluationReportLoggingListener - 

Error starting ApplicationContext. To display the conditions report re-run your application with 'debug' enabled.
2025-04-03 11:24:08 [INFO] org.springframework.orm.jpa.LocalContainerEntityManagerFactoryBean - Closing JPA EntityManagerFactory for persistence unit 'default'
2025-04-03 11:24:08 [INFO] org.hibernate.tool.schema.internal.SchemaDropperImpl$DelayedDropActionImpl - HHH000477: Starting delayed evictData of schema as part of SessionFactory shut-down'
2025-04-03 11:24:08 [ERROR] org.springframework.boot.SpringApplication - Application run failed
java.lang.IllegalStateException: Failed to execute CommandLineRunner
	at org.springframework.boot.SpringApplication.callRunner(SpringApplication.java:771)
	at org.springframework.boot.SpringApplication.callRunners(SpringApplication.java:752)
	at org.springframework.boot.SpringApplication.run(SpringApplication.java:314)
	at org.springframework.boot.SpringApplication.run(SpringApplication.java:1303)
	at org.springframework.boot.SpringApplication.run(SpringApplication.java:1292)
	at com.mjc.school.Main.main(Main.java:53)
Caused by: java.util.NoSuchElementException: No line found
	at java.base/java.util.Scanner.nextLine(Scanner.java:1651)
	at com.mjc.school.StartApplication.run(StartApplication.java:21)
	at com.mjc.school.Main.run(Main.java:62)
	at org.springframework.boot.SpringApplication.callRunner(SpringApplication.java:768)
	... 5 common frames omitted
2025-04-03 11:24:08 [INFO] com.zaxxer.hikari.HikariDataSource - HikariPool-1 - Shutdown initiated...
2025-04-03 11:24:08 [INFO] com.zaxxer.hikari.HikariDataSource - HikariPool-1 - Shutdown completed.
2025-04-03 11:24:09 [INFO] com.mjc.school.Main - [32mWe start method main() in Class Main[0m
2025-04-03 11:24:09 [INFO] org.hibernate.validator.internal.util.Version - HV000001: Hibernate Validator 6.2.5.Final
2025-04-03 11:24:09 [INFO] com.mjc.school.Main - Starting Main using Java 17.0.14 on Mac with PID 1553 (/Users/macpro/Desktop/code/MJC_School/stage3-module3-task/module-main/build/classes/java/main started by macpro in /Users/macpro/Desktop/code/MJC_School/stage3-module3-task)
2025-04-03 11:24:09 [DEBUG] com.mjc.school.Main - Running with Spring Boot v2.7.7, Spring v5.3.24
2025-04-03 11:24:09 [INFO] com.mjc.school.Main - No active profile set, falling back to 1 default profile: "default"
2025-04-03 11:24:09 [INFO] org.springframework.data.repository.config.RepositoryConfigurationDelegate - Bootstrapping Spring Data JPA repositories in DEFAULT mode.
2025-04-03 11:24:09 [INFO] org.springframework.data.repository.config.RepositoryConfigurationDelegate - Finished Spring Data repository scanning in 4 ms. Found 0 JPA repository interfaces.
2025-04-03 11:24:09 [INFO] org.springframework.boot.web.embedded.tomcat.TomcatWebServer - Tomcat initialized with port(s): 8080 (http)
2025-04-03 11:24:09 [INFO] org.apache.coyote.http11.Http11NioProtocol - Initializing ProtocolHandler ["http-nio-8080"]
2025-04-03 11:24:09 [INFO] org.apache.catalina.core.StandardService - Starting service [Tomcat]
2025-04-03 11:24:09 [INFO] org.apache.catalina.core.StandardEngine - Starting Servlet engine: [Apache Tomcat/9.0.70]
2025-04-03 11:24:09 [INFO] org.apache.catalina.core.ContainerBase.[Tomcat].[localhost].[/] - Initializing Spring embedded WebApplicationContext
2025-04-03 11:24:09 [INFO] org.springframework.boot.web.servlet.context.ServletWebServerApplicationContext - Root WebApplicationContext: initialization completed in 419 ms
2025-04-03 11:24:09 [INFO] com.zaxxer.hikari.HikariDataSource - HikariPool-1 - Starting...
2025-04-03 11:24:09 [INFO] com.zaxxer.hikari.HikariDataSource - HikariPool-1 - Start completed.
2025-04-03 11:24:09 [INFO] org.springframework.boot.autoconfigure.h2.H2ConsoleAutoConfiguration - H2 console available at '/h2-console'. Database available at 'jdbc:h2:mem:testdb'
2025-04-03 11:24:09 [INFO] org.hibernate.jpa.internal.util.LogHelper - HHH000204: Processing PersistenceUnitInfo [name: default]
2025-04-03 11:24:09 [INFO] org.hibernate.Version - HHH000412: Hibernate ORM core version 5.6.14.Final
2025-04-03 11:24:09 [INFO] org.hibernate.annotations.common.Version - HCANN000001: Hibernate Commons Annotations {5.1.2.Final}
2025-04-03 11:24:10 [INFO] org.hibernate.dialect.Dialect - HHH000400: Using dialect: org.hibernate.dialect.H2Dialect
2025-04-03 11:24:10 [INFO] org.hibernate.engine.transaction.jta.platform.internal.JtaPlatformInitiator - HHH000490: Using JtaPlatform implementation: [org.hibernate.engine.transaction.jta.platform.internal.NoJtaPlatform]
2025-04-03 11:24:10 [INFO] org.springframework.orm.jpa.LocalContainerEntityManagerFactoryBean - Initialized JPA EntityManagerFactory for persistence unit 'default'
2025-04-03 11:24:10 [INFO] com.mjc.school.controller.implementation.NewsController - NewsController initialized with service: ImplementNewsService$$EnhancerBySpringCGLIB$$d3d1f956
2025-04-03 11:24:10 [INFO] com.mjc.school.controller.implementation.AuthorController - AuthorController initialized with service: ImplementAuthorService$$EnhancerBySpringCGLIB$$32e31cee
2025-04-03 11:24:10 [INFO] com.mjc.school.operation.OperationEngine - Initialized with 2 controllers: ArrayList
2025-04-03 11:24:10 [WARN] org.springframework.boot.autoconfigure.orm.jpa.JpaBaseConfiguration$JpaWebConfiguration - spring.jpa.open-in-view is enabled by default. Therefore, database queries may be performed during view rendering. Explicitly configure spring.jpa.open-in-view to disable this warning
2025-04-03 11:24:10 [INFO] org.apache.coyote.http11.Http11NioProtocol - Starting ProtocolHandler ["http-nio-8080"]
2025-04-03 11:24:10 [INFO] org.springframework.boot.web.embedded.tomcat.TomcatWebServer - Tomcat started on port(s): 8080 (http) with context path ''
2025-04-03 11:24:10 [INFO] com.mjc.school.Main - Started Main in 1.122 seconds (JVM running for 1.268)
2025-04-03 11:34:08 [INFO] org.springframework.boot.autoconfigure.logging.ConditionEvaluationReportLoggingListener - 

Error starting ApplicationContext. To display the conditions report re-run your application with 'debug' enabled.
2025-04-03 11:34:08 [INFO] org.springframework.orm.jpa.LocalContainerEntityManagerFactoryBean - Closing JPA EntityManagerFactory for persistence unit 'default'
2025-04-03 11:34:08 [INFO] org.hibernate.tool.schema.internal.SchemaDropperImpl$DelayedDropActionImpl - HHH000477: Starting delayed evictData of schema as part of SessionFactory shut-down'
2025-04-03 11:34:08 [ERROR] org.springframework.boot.SpringApplication - Application run failed
java.lang.IllegalStateException: Failed to execute CommandLineRunner
	at org.springframework.boot.SpringApplication.callRunner(SpringApplication.java:771)
	at org.springframework.boot.SpringApplication.callRunners(SpringApplication.java:752)
	at org.springframework.boot.SpringApplication.run(SpringApplication.java:314)
	at org.springframework.boot.SpringApplication.run(SpringApplication.java:1303)
	at org.springframework.boot.SpringApplication.run(SpringApplication.java:1292)
	at com.mjc.school.Main.main(Main.java:53)
Caused by: java.util.NoSuchElementException: No line found
	at java.base/java.util.Scanner.nextLine(Scanner.java:1651)
	at com.mjc.school.StartApplication.run(StartApplication.java:21)
	at com.mjc.school.Main.run(Main.java:64)
	at org.springframework.boot.SpringApplication.callRunner(SpringApplication.java:768)
	... 5 common frames omitted
2025-04-03 11:34:09 [INFO] com.zaxxer.hikari.HikariDataSource - HikariPool-1 - Shutdown initiated...
2025-04-03 11:34:09 [INFO] com.zaxxer.hikari.HikariDataSource - HikariPool-1 - Shutdown completed.
2025-04-03 11:34:09 [INFO] com.mjc.school.Main - [32mWe start method main() in Class Main[0m
2025-04-03 11:34:09 [INFO] org.hibernate.validator.internal.util.Version - HV000001: Hibernate Validator 6.2.5.Final
2025-04-03 11:34:09 [INFO] com.mjc.school.Main - Starting Main using Java 17.0.14 on Mac with PID 1680 (/Users/macpro/Desktop/code/MJC_School/stage3-module3-task/module-main/build/classes/java/main started by macpro in /Users/macpro/Desktop/code/MJC_School/stage3-module3-task)
2025-04-03 11:34:09 [DEBUG] com.mjc.school.Main - Running with Spring Boot v2.7.7, Spring v5.3.24
2025-04-03 11:34:09 [INFO] com.mjc.school.Main - No active profile set, falling back to 1 default profile: "default"
2025-04-03 11:34:09 [INFO] org.springframework.data.repository.config.RepositoryConfigurationDelegate - Bootstrapping Spring Data JPA repositories in DEFAULT mode.
2025-04-03 11:34:09 [INFO] org.springframework.data.repository.config.RepositoryConfigurationDelegate - Finished Spring Data repository scanning in 3 ms. Found 0 JPA repository interfaces.
2025-04-03 11:34:10 [INFO] org.springframework.boot.web.embedded.tomcat.TomcatWebServer - Tomcat initialized with port(s): 8080 (http)
2025-04-03 11:34:10 [INFO] org.apache.coyote.http11.Http11NioProtocol - Initializing ProtocolHandler ["http-nio-8080"]
2025-04-03 11:34:10 [INFO] org.apache.catalina.core.StandardService - Starting service [Tomcat]
2025-04-03 11:34:10 [INFO] org.apache.catalina.core.StandardEngine - Starting Servlet engine: [Apache Tomcat/9.0.70]
2025-04-03 11:34:10 [INFO] org.apache.catalina.core.ContainerBase.[Tomcat].[localhost].[/] - Initializing Spring embedded WebApplicationContext
2025-04-03 11:34:10 [INFO] org.springframework.boot.web.servlet.context.ServletWebServerApplicationContext - Root WebApplicationContext: initialization completed in 417 ms
2025-04-03 11:34:10 [INFO] com.zaxxer.hikari.HikariDataSource - HikariPool-1 - Starting...
2025-04-03 11:34:10 [INFO] com.zaxxer.hikari.HikariDataSource - HikariPool-1 - Start completed.
2025-04-03 11:34:10 [INFO] org.springframework.boot.autoconfigure.h2.H2ConsoleAutoConfiguration - H2 console available at '/h2-console'. Database available at 'jdbc:h2:mem:testdb'
2025-04-03 11:34:10 [INFO] org.hibernate.jpa.internal.util.LogHelper - HHH000204: Processing PersistenceUnitInfo [name: default]
2025-04-03 11:34:10 [INFO] org.hibernate.Version - HHH000412: Hibernate ORM core version 5.6.14.Final
2025-04-03 11:34:10 [INFO] org.hibernate.annotations.common.Version - HCANN000001: Hibernate Commons Annotations {5.1.2.Final}
2025-04-03 11:34:10 [INFO] org.hibernate.dialect.Dialect - HHH000400: Using dialect: org.hibernate.dialect.H2Dialect
2025-04-03 11:34:10 [INFO] org.hibernate.engine.transaction.jta.platform.internal.JtaPlatformInitiator - HHH000490: Using JtaPlatform implementation: [org.hibernate.engine.transaction.jta.platform.internal.NoJtaPlatform]
2025-04-03 11:34:10 [INFO] org.springframework.orm.jpa.LocalContainerEntityManagerFactoryBean - Initialized JPA EntityManagerFactory for persistence unit 'default'
2025-04-03 11:34:10 [INFO] com.mjc.school.controller.implementation.NewsController - NewsController initialized with service: ImplementNewsService$$EnhancerBySpringCGLIB$$a95593e7
2025-04-03 11:34:10 [INFO] com.mjc.school.controller.implementation.AuthorController - AuthorController initialized with service: ImplementAuthorService$$EnhancerBySpringCGLIB$$866b77f
2025-04-03 11:34:10 [INFO] com.mjc.school.operation.OperationEngine - Initialized with 2 controllers: ArrayList
2025-04-03 11:34:10 [WARN] org.springframework.boot.autoconfigure.orm.jpa.JpaBaseConfiguration$JpaWebConfiguration - spring.jpa.open-in-view is enabled by default. Therefore, database queries may be performed during view rendering. Explicitly configure spring.jpa.open-in-view to disable this warning
2025-04-03 11:34:10 [INFO] org.apache.coyote.http11.Http11NioProtocol - Starting ProtocolHandler ["http-nio-8080"]
2025-04-03 11:34:10 [INFO] org.springframework.boot.web.embedded.tomcat.TomcatWebServer - Tomcat started on port(s): 8080 (http) with context path ''
2025-04-03 11:34:10 [INFO] com.mjc.school.Main - Started Main in 1.129 seconds (JVM running for 1.28)
2025-04-03 11:36:10 [INFO] com.mjc.school.operation.OperationEngine - Processing operation input: '0'
2025-04-03 11:36:10 [INFO] org.springframework.orm.jpa.LocalContainerEntityManagerFactoryBean - Closing JPA EntityManagerFactory for persistence unit 'default'
2025-04-03 11:36:10 [INFO] org.hibernate.tool.schema.internal.SchemaDropperImpl$DelayedDropActionImpl - HHH000477: Starting delayed evictData of schema as part of SessionFactory shut-down'
2025-04-03 11:36:11 [INFO] com.zaxxer.hikari.HikariDataSource - HikariPool-1 - Shutdown initiated...
2025-04-03 11:36:11 [INFO] com.zaxxer.hikari.HikariDataSource - HikariPool-1 - Shutdown completed.
2025-04-03 11:37:23 [INFO] com.mjc.school.Main - [32mWe start method main() in Class Main[0m
2025-04-03 11:37:23 [INFO] org.hibernate.validator.internal.util.Version - HV000001: Hibernate Validator 6.2.5.Final
2025-04-03 11:37:23 [INFO] com.mjc.school.Main - Starting Main using Java 17.0.14 on Mac with PID 1781 (/Users/macpro/Desktop/code/MJC_School/stage3-module3-task/module-main/build/classes/java/main started by macpro in /Users/macpro/Desktop/code/MJC_School/stage3-module3-task)
2025-04-03 11:37:23 [DEBUG] com.mjc.school.Main - Running with Spring Boot v2.7.7, Spring v5.3.24
2025-04-03 11:37:23 [INFO] com.mjc.school.Main - No active profile set, falling back to 1 default profile: "default"
2025-04-03 11:37:23 [INFO] org.springframework.data.repository.config.RepositoryConfigurationDelegate - Bootstrapping Spring Data JPA repositories in DEFAULT mode.
2025-04-03 11:37:23 [INFO] org.springframework.data.repository.config.RepositoryConfigurationDelegate - Finished Spring Data repository scanning in 4 ms. Found 0 JPA repository interfaces.
2025-04-03 11:37:23 [INFO] org.springframework.boot.web.embedded.tomcat.TomcatWebServer - Tomcat initialized with port(s): 8080 (http)
2025-04-03 11:37:23 [INFO] org.apache.coyote.http11.Http11NioProtocol - Initializing ProtocolHandler ["http-nio-8080"]
2025-04-03 11:37:23 [INFO] org.apache.catalina.core.StandardService - Starting service [Tomcat]
2025-04-03 11:37:23 [INFO] org.apache.catalina.core.StandardEngine - Starting Servlet engine: [Apache Tomcat/9.0.70]
2025-04-03 11:37:24 [INFO] org.apache.catalina.core.ContainerBase.[Tomcat].[localhost].[/] - Initializing Spring embedded WebApplicationContext
2025-04-03 11:37:24 [INFO] org.springframework.boot.web.servlet.context.ServletWebServerApplicationContext - Root WebApplicationContext: initialization completed in 387 ms
2025-04-03 11:37:24 [INFO] com.zaxxer.hikari.HikariDataSource - HikariPool-1 - Starting...
2025-04-03 11:37:24 [INFO] com.zaxxer.hikari.HikariDataSource - HikariPool-1 - Start completed.
2025-04-03 11:37:24 [INFO] org.springframework.boot.autoconfigure.h2.H2ConsoleAutoConfiguration - H2 console available at '/h2-console'. Database available at 'jdbc:h2:mem:testdb'
2025-04-03 11:37:24 [INFO] org.hibernate.jpa.internal.util.LogHelper - HHH000204: Processing PersistenceUnitInfo [name: default]
2025-04-03 11:37:24 [INFO] org.hibernate.Version - HHH000412: Hibernate ORM core version 5.6.14.Final
2025-04-03 11:37:24 [INFO] org.hibernate.annotations.common.Version - HCANN000001: Hibernate Commons Annotations {5.1.2.Final}
2025-04-03 11:37:24 [INFO] org.hibernate.dialect.Dialect - HHH000400: Using dialect: org.hibernate.dialect.H2Dialect
2025-04-03 11:37:24 [INFO] org.hibernate.engine.transaction.jta.platform.internal.JtaPlatformInitiator - HHH000490: Using JtaPlatform implementation: [org.hibernate.engine.transaction.jta.platform.internal.NoJtaPlatform]
2025-04-03 11:37:24 [INFO] org.springframework.orm.jpa.LocalContainerEntityManagerFactoryBean - Initialized JPA EntityManagerFactory for persistence unit 'default'
2025-04-03 11:37:24 [INFO] com.mjc.school.controller.implementation.NewsController - NewsController initialized with service: ImplementNewsService$$EnhancerBySpringCGLIB$$a95593e7
2025-04-03 11:37:24 [INFO] com.mjc.school.controller.implementation.AuthorController - AuthorController initialized with service: ImplementAuthorService$$EnhancerBySpringCGLIB$$866b77f
2025-04-03 11:37:24 [INFO] com.mjc.school.operation.OperationEngine - Initialized with 2 controllers: ArrayList
2025-04-03 11:37:24 [WARN] org.springframework.boot.autoconfigure.orm.jpa.JpaBaseConfiguration$JpaWebConfiguration - spring.jpa.open-in-view is enabled by default. Therefore, database queries may be performed during view rendering. Explicitly configure spring.jpa.open-in-view to disable this warning
2025-04-03 11:37:24 [INFO] org.apache.coyote.http11.Http11NioProtocol - Starting ProtocolHandler ["http-nio-8080"]
2025-04-03 11:37:24 [INFO] org.springframework.boot.web.embedded.tomcat.TomcatWebServer - Tomcat started on port(s): 8080 (http) with context path ''
2025-04-03 11:37:24 [INFO] com.mjc.school.Main - Started Main in 1.043 seconds (JVM running for 1.183)
2025-04-03 11:48:07 [INFO] com.mjc.school.operation.OperationEngine - Processing operation input: '0'
2025-04-03 11:48:07 [INFO] org.springframework.orm.jpa.LocalContainerEntityManagerFactoryBean - Closing JPA EntityManagerFactory for persistence unit 'default'
2025-04-03 11:48:07 [INFO] org.hibernate.tool.schema.internal.SchemaDropperImpl$DelayedDropActionImpl - HHH000477: Starting delayed evictData of schema as part of SessionFactory shut-down'
2025-04-03 11:48:07 [INFO] com.zaxxer.hikari.HikariDataSource - HikariPool-1 - Shutdown initiated...
2025-04-03 11:48:07 [INFO] com.zaxxer.hikari.HikariDataSource - HikariPool-1 - Shutdown completed.
2025-04-03 11:53:21 [INFO] com.mjc.school.Main - [32mWe start method main() in Class Main[0m
2025-04-03 11:53:22 [INFO] org.hibernate.validator.internal.util.Version - HV000001: Hibernate Validator 6.2.5.Final
2025-04-03 11:53:22 [INFO] com.mjc.school.Main - Starting Main using Java 17.0.14 on Mac with PID 1982 (/Users/macpro/Desktop/code/MJC_School/stage3-module3-task/module-main/build/classes/java/main started by macpro in /Users/macpro/Desktop/code/MJC_School/stage3-module3-task)
2025-04-03 11:53:22 [DEBUG] com.mjc.school.Main - Running with Spring Boot v2.7.7, Spring v5.3.24
2025-04-03 11:53:22 [INFO] com.mjc.school.Main - No active profile set, falling back to 1 default profile: "default"
2025-04-03 11:53:22 [INFO] org.springframework.data.repository.config.RepositoryConfigurationDelegate - Bootstrapping Spring Data JPA repositories in DEFAULT mode.
2025-04-03 11:53:22 [INFO] org.springframework.data.repository.config.RepositoryConfigurationDelegate - Finished Spring Data repository scanning in 4 ms. Found 0 JPA repository interfaces.
2025-04-03 11:53:22 [INFO] org.springframework.boot.web.embedded.tomcat.TomcatWebServer - Tomcat initialized with port(s): 8080 (http)
2025-04-03 11:53:22 [INFO] org.apache.coyote.http11.Http11NioProtocol - Initializing ProtocolHandler ["http-nio-8080"]
2025-04-03 11:53:22 [INFO] org.apache.catalina.core.StandardService - Starting service [Tomcat]
2025-04-03 11:53:22 [INFO] org.apache.catalina.core.StandardEngine - Starting Servlet engine: [Apache Tomcat/9.0.70]
2025-04-03 11:53:22 [INFO] org.apache.catalina.core.ContainerBase.[Tomcat].[localhost].[/] - Initializing Spring embedded WebApplicationContext
2025-04-03 11:53:22 [INFO] org.springframework.boot.web.servlet.context.ServletWebServerApplicationContext - Root WebApplicationContext: initialization completed in 388 ms
2025-04-03 11:53:22 [INFO] com.zaxxer.hikari.HikariDataSource - HikariPool-1 - Starting...
2025-04-03 11:53:22 [INFO] com.zaxxer.hikari.HikariDataSource - HikariPool-1 - Start completed.
2025-04-03 11:53:22 [INFO] org.springframework.boot.autoconfigure.h2.H2ConsoleAutoConfiguration - H2 console available at '/h2-console'. Database available at 'jdbc:h2:mem:testdb'
2025-04-03 11:53:22 [INFO] org.hibernate.jpa.internal.util.LogHelper - HHH000204: Processing PersistenceUnitInfo [name: default]
2025-04-03 11:53:22 [INFO] org.hibernate.Version - HHH000412: Hibernate ORM core version 5.6.14.Final
2025-04-03 11:53:22 [INFO] org.hibernate.annotations.common.Version - HCANN000001: Hibernate Commons Annotations {5.1.2.Final}
2025-04-03 11:53:22 [INFO] org.hibernate.dialect.Dialect - HHH000400: Using dialect: org.hibernate.dialect.H2Dialect
2025-04-03 11:53:22 [INFO] org.hibernate.engine.transaction.jta.platform.internal.JtaPlatformInitiator - HHH000490: Using JtaPlatform implementation: [org.hibernate.engine.transaction.jta.platform.internal.NoJtaPlatform]
2025-04-03 11:53:22 [INFO] org.springframework.orm.jpa.LocalContainerEntityManagerFactoryBean - Initialized JPA EntityManagerFactory for persistence unit 'default'
2025-04-03 11:53:22 [INFO] com.mjc.school.controller.implementation.NewsController - NewsController initialized with service: ImplementNewsService$$EnhancerBySpringCGLIB$$a95593e7
2025-04-03 11:53:22 [INFO] com.mjc.school.controller.implementation.AuthorController - AuthorController initialized with service: ImplementAuthorService$$EnhancerBySpringCGLIB$$866b77f
2025-04-03 11:53:22 [INFO] com.mjc.school.operation.OperationEngine - Initialized with 2 controllers: ArrayList
2025-04-03 11:53:22 [WARN] org.springframework.boot.autoconfigure.orm.jpa.JpaBaseConfiguration$JpaWebConfiguration - spring.jpa.open-in-view is enabled by default. Therefore, database queries may be performed during view rendering. Explicitly configure spring.jpa.open-in-view to disable this warning
2025-04-03 11:53:23 [INFO] org.apache.coyote.http11.Http11NioProtocol - Starting ProtocolHandler ["http-nio-8080"]
2025-04-03 11:53:23 [INFO] org.springframework.boot.web.embedded.tomcat.TomcatWebServer - Tomcat started on port(s): 8080 (http) with context path ''
2025-04-03 11:53:23 [INFO] com.mjc.school.Main - Started Main in 1.054 seconds (JVM running for 1.194)
2025-04-03 12:00:13 [INFO] com.mjc.school.operation.OperationEngine - Processing operation input: '2'
2025-04-03 12:00:13 [INFO] com.mjc.school.controller.implementation.AuthorController - Controller author component -> Fetching all authors
2025-04-03 12:00:13 [INFO] com.mjc.school.service.implementation.ImplementAuthorService - Service Author Component -> Fetching all authors
2025-04-03 12:01:41 [INFO] org.springframework.boot.autoconfigure.logging.ConditionEvaluationReportLoggingListener - 

Error starting ApplicationContext. To display the conditions report re-run your application with 'debug' enabled.
2025-04-03 12:01:41 [ERROR] org.springframework.boot.SpringApplication - Application run failed
java.lang.IllegalStateException: Failed to execute CommandLineRunner
	at org.springframework.boot.SpringApplication.callRunner(SpringApplication.java:771)
	at org.springframework.boot.SpringApplication.callRunners(SpringApplication.java:752)
	at org.springframework.boot.SpringApplication.run(SpringApplication.java:314)
	at org.springframework.boot.SpringApplication.run(SpringApplication.java:1303)
	at org.springframework.boot.SpringApplication.run(SpringApplication.java:1292)
	at com.mjc.school.Main.main(Main.java:53)
Caused by: java.util.NoSuchElementException: No line found
	at java.base/java.util.Scanner.nextLine(Scanner.java:1651)
	at com.mjc.school.StartApplication.run(StartApplication.java:21)
	at com.mjc.school.Main.run(Main.java:64)
	at org.springframework.boot.SpringApplication.callRunner(SpringApplication.java:768)
	... 5 common frames omitted
2025-04-03 12:01:41 [INFO] org.springframework.orm.jpa.LocalContainerEntityManagerFactoryBean - Closing JPA EntityManagerFactory for persistence unit 'default'
2025-04-03 12:01:41 [INFO] org.hibernate.tool.schema.internal.SchemaDropperImpl$DelayedDropActionImpl - HHH000477: Starting delayed evictData of schema as part of SessionFactory shut-down'
2025-04-03 12:01:41 [INFO] com.zaxxer.hikari.HikariDataSource - HikariPool-1 - Shutdown initiated...
2025-04-03 12:01:41 [INFO] com.zaxxer.hikari.HikariDataSource - HikariPool-1 - Shutdown completed.
2025-04-03 12:01:42 [INFO] com.mjc.school.Main - [32mWe start method main() in Class Main[0m
2025-04-03 12:01:42 [INFO] org.hibernate.validator.internal.util.Version - HV000001: Hibernate Validator 6.2.5.Final
2025-04-03 12:01:42 [INFO] com.mjc.school.Main - Starting Main using Java 17.0.14 on Mac with PID 2076 (/Users/macpro/Desktop/code/MJC_School/stage3-module3-task/module-main/build/classes/java/main started by macpro in /Users/macpro/Desktop/code/MJC_School/stage3-module3-task)
2025-04-03 12:01:42 [DEBUG] com.mjc.school.Main - Running with Spring Boot v2.7.7, Spring v5.3.24
2025-04-03 12:01:42 [INFO] com.mjc.school.Main - No active profile set, falling back to 1 default profile: "default"
2025-04-03 12:01:42 [INFO] org.springframework.data.repository.config.RepositoryConfigurationDelegate - Bootstrapping Spring Data JPA repositories in DEFAULT mode.
2025-04-03 12:01:42 [INFO] org.springframework.data.repository.config.RepositoryConfigurationDelegate - Finished Spring Data repository scanning in 3 ms. Found 0 JPA repository interfaces.
2025-04-03 12:01:42 [INFO] org.springframework.boot.web.embedded.tomcat.TomcatWebServer - Tomcat initialized with port(s): 8080 (http)
2025-04-03 12:01:42 [INFO] org.apache.coyote.http11.Http11NioProtocol - Initializing ProtocolHandler ["http-nio-8080"]
2025-04-03 12:01:42 [INFO] org.apache.catalina.core.StandardService - Starting service [Tomcat]
2025-04-03 12:01:42 [INFO] org.apache.catalina.core.StandardEngine - Starting Servlet engine: [Apache Tomcat/9.0.70]
2025-04-03 12:01:42 [INFO] org.apache.catalina.core.ContainerBase.[Tomcat].[localhost].[/] - Initializing Spring embedded WebApplicationContext
2025-04-03 12:01:42 [INFO] org.springframework.boot.web.servlet.context.ServletWebServerApplicationContext - Root WebApplicationContext: initialization completed in 386 ms
2025-04-03 12:01:42 [INFO] com.zaxxer.hikari.HikariDataSource - HikariPool-1 - Starting...
2025-04-03 12:01:42 [INFO] com.zaxxer.hikari.HikariDataSource - HikariPool-1 - Start completed.
2025-04-03 12:01:42 [INFO] org.springframework.boot.autoconfigure.h2.H2ConsoleAutoConfiguration - H2 console available at '/h2-console'. Database available at 'jdbc:h2:mem:testdb'
2025-04-03 12:01:42 [INFO] org.hibernate.jpa.internal.util.LogHelper - HHH000204: Processing PersistenceUnitInfo [name: default]
2025-04-03 12:01:42 [INFO] org.hibernate.Version - HHH000412: Hibernate ORM core version 5.6.14.Final
2025-04-03 12:01:43 [INFO] org.hibernate.annotations.common.Version - HCANN000001: Hibernate Commons Annotations {5.1.2.Final}
2025-04-03 12:01:43 [INFO] org.hibernate.dialect.Dialect - HHH000400: Using dialect: org.hibernate.dialect.H2Dialect
2025-04-03 12:01:43 [INFO] org.hibernate.engine.transaction.jta.platform.internal.JtaPlatformInitiator - HHH000490: Using JtaPlatform implementation: [org.hibernate.engine.transaction.jta.platform.internal.NoJtaPlatform]
2025-04-03 12:01:43 [INFO] org.springframework.orm.jpa.LocalContainerEntityManagerFactoryBean - Initialized JPA EntityManagerFactory for persistence unit 'default'
2025-04-03 12:01:43 [INFO] com.mjc.school.controller.implementation.NewsController - NewsController initialized with service: ImplementNewsService$$EnhancerBySpringCGLIB$$28880a3f
2025-04-03 12:01:43 [INFO] com.mjc.school.controller.implementation.AuthorController - AuthorController initialized with service: ImplementAuthorService$$EnhancerBySpringCGLIB$$87992dd7
2025-04-03 12:01:43 [INFO] com.mjc.school.operation.OperationEngine - Initialized with 2 controllers: ArrayList
2025-04-03 12:01:43 [WARN] org.springframework.boot.autoconfigure.orm.jpa.JpaBaseConfiguration$JpaWebConfiguration - spring.jpa.open-in-view is enabled by default. Therefore, database queries may be performed during view rendering. Explicitly configure spring.jpa.open-in-view to disable this warning
2025-04-03 12:01:43 [INFO] org.apache.coyote.http11.Http11NioProtocol - Starting ProtocolHandler ["http-nio-8080"]
2025-04-03 12:01:43 [INFO] org.springframework.boot.web.embedded.tomcat.TomcatWebServer - Tomcat started on port(s): 8080 (http) with context path ''
2025-04-03 12:01:43 [INFO] com.mjc.school.Main - Started Main in 1.055 seconds (JVM running for 1.199)
2025-04-03 12:01:54 [INFO] com.mjc.school.operation.OperationEngine - Processing operation input: '2'
2025-04-03 12:01:54 [INFO] com.mjc.school.controller.implementation.AuthorController - Controller author component -> Fetching all authors
2025-04-03 12:01:54 [INFO] com.mjc.school.service.implementation.ImplementAuthorService - Service Author Component -> Fetching all authors
2025-04-03 12:02:20 [INFO] com.mjc.school.operation.OperationEngine - Processing operation input: '1'
2025-04-03 12:02:20 [INFO] com.mjc.school.controller.implementation.NewsController - Controller news component -> Fetching all news articles
2025-04-03 12:02:20 [INFO] com.mjc.school.service.implementation.ImplementNewsService - Service News Component -> Fetching all news articles
2025-04-03 12:02:20 [ERROR] com.mjc.school.operation.OperationEngine - No handler found for operation: 1 - Get all news
2025-04-03 12:02:20 [WARN] com.mjc.school.operation.OperationEngine - Invalid operation input: Command not found, we do not perform such operation
2025-04-03 12:02:40 [INFO] com.mjc.school.operation.OperationEngine - Processing operation input: '6'
2025-04-03 12:02:40 [INFO] com.mjc.school.operation.OperationReader - Reading parameters for CreateAuthorCommand
2025-04-03 12:02:46 [INFO] com.mjc.school.controller.implementation.AuthorController - Controller author component -> Creating new author with name: Manuel
2025-04-03 12:02:46 [INFO] com.mjc.school.service.implementation.ImplementAuthorService - Service Author Component -> Creating new author with request: AuthorDtoRequest(id=0, name=Manuel)
2025-04-03 12:02:46 [ERROR] com.mjc.school.operation.OperationEngine - No handler found for operation: 6 - Create author
2025-04-03 12:02:46 [WARN] com.mjc.school.operation.OperationEngine - Invalid operation input: Command not found, we do not perform such operation
2025-04-03 12:13:21 [INFO] org.springframework.boot.autoconfigure.logging.ConditionEvaluationReportLoggingListener - 

Error starting ApplicationContext. To display the conditions report re-run your application with 'debug' enabled.
2025-04-03 12:13:21 [ERROR] org.springframework.boot.SpringApplication - Application run failed
java.lang.IllegalStateException: Failed to execute CommandLineRunner
	at org.springframework.boot.SpringApplication.callRunner(SpringApplication.java:771)
	at org.springframework.boot.SpringApplication.callRunners(SpringApplication.java:752)
	at org.springframework.boot.SpringApplication.run(SpringApplication.java:314)
	at org.springframework.boot.SpringApplication.run(SpringApplication.java:1303)
	at org.springframework.boot.SpringApplication.run(SpringApplication.java:1292)
	at com.mjc.school.Main.main(Main.java:53)
Caused by: java.util.NoSuchElementException: No line found
	at java.base/java.util.Scanner.nextLine(Scanner.java:1651)
	at com.mjc.school.StartApplication.run(StartApplication.java:21)
	at com.mjc.school.Main.run(Main.java:64)
	at org.springframework.boot.SpringApplication.callRunner(SpringApplication.java:768)
	... 5 common frames omitted
2025-04-03 12:13:21 [INFO] org.springframework.orm.jpa.LocalContainerEntityManagerFactoryBean - Closing JPA EntityManagerFactory for persistence unit 'default'
2025-04-03 12:13:21 [INFO] com.zaxxer.hikari.HikariDataSource - HikariPool-1 - Shutdown initiated...
2025-04-03 12:13:21 [INFO] com.zaxxer.hikari.HikariDataSource - HikariPool-1 - Shutdown completed.
2025-04-03 12:13:22 [INFO] com.mjc.school.Main - [32mWe start method main() in Class Main[0m
2025-04-03 12:13:22 [INFO] org.hibernate.validator.internal.util.Version - HV000001: Hibernate Validator 6.2.5.Final
2025-04-03 12:13:22 [INFO] com.mjc.school.Main - Starting Main using Java 17.0.14 on Mac with PID 2198 (/Users/macpro/Desktop/code/MJC_School/stage3-module3-task/module-main/build/classes/java/main started by macpro in /Users/macpro/Desktop/code/MJC_School/stage3-module3-task)
2025-04-03 12:13:22 [DEBUG] com.mjc.school.Main - Running with Spring Boot v2.7.7, Spring v5.3.24
2025-04-03 12:13:22 [INFO] com.mjc.school.Main - No active profile set, falling back to 1 default profile: "default"
2025-04-03 12:13:22 [INFO] org.springframework.data.repository.config.RepositoryConfigurationDelegate - Bootstrapping Spring Data JPA repositories in DEFAULT mode.
2025-04-03 12:13:22 [INFO] org.springframework.data.repository.config.RepositoryConfigurationDelegate - Finished Spring Data repository scanning in 3 ms. Found 0 JPA repository interfaces.
2025-04-03 12:13:22 [INFO] org.springframework.boot.web.embedded.tomcat.TomcatWebServer - Tomcat initialized with port(s): 8080 (http)
2025-04-03 12:13:22 [INFO] org.apache.coyote.http11.Http11NioProtocol - Initializing ProtocolHandler ["http-nio-8080"]
2025-04-03 12:13:22 [INFO] org.apache.catalina.core.StandardService - Starting service [Tomcat]
2025-04-03 12:13:22 [INFO] org.apache.catalina.core.StandardEngine - Starting Servlet engine: [Apache Tomcat/9.0.70]
2025-04-03 12:13:22 [INFO] org.apache.catalina.core.ContainerBase.[Tomcat].[localhost].[/] - Initializing Spring embedded WebApplicationContext
2025-04-03 12:13:22 [INFO] org.springframework.boot.web.servlet.context.ServletWebServerApplicationContext - Root WebApplicationContext: initialization completed in 374 ms
2025-04-03 12:13:22 [INFO] com.zaxxer.hikari.HikariDataSource - HikariPool-1 - Starting...
2025-04-03 12:13:22 [INFO] com.zaxxer.hikari.HikariDataSource - HikariPool-1 - Start completed.
2025-04-03 12:13:22 [INFO] org.springframework.boot.autoconfigure.h2.H2ConsoleAutoConfiguration - H2 console available at '/h2-console'. Database available at 'jdbc:h2:mem:testdb'
2025-04-03 12:13:22 [INFO] org.hibernate.jpa.internal.util.LogHelper - HHH000204: Processing PersistenceUnitInfo [name: default]
2025-04-03 12:13:22 [INFO] org.hibernate.Version - HHH000412: Hibernate ORM core version 5.6.14.Final
2025-04-03 12:13:22 [INFO] org.hibernate.annotations.common.Version - HCANN000001: Hibernate Commons Annotations {5.1.2.Final}
2025-04-03 12:13:22 [INFO] org.hibernate.dialect.Dialect - HHH000400: Using dialect: org.hibernate.dialect.H2Dialect
2025-04-03 12:13:23 [INFO] org.hibernate.engine.transaction.jta.platform.internal.JtaPlatformInitiator - HHH000490: Using JtaPlatform implementation: [org.hibernate.engine.transaction.jta.platform.internal.NoJtaPlatform]
2025-04-03 12:13:23 [INFO] org.springframework.orm.jpa.LocalContainerEntityManagerFactoryBean - Initialized JPA EntityManagerFactory for persistence unit 'default'
2025-04-03 12:13:23 [INFO] com.mjc.school.controller.implementation.NewsController - NewsController initialized with service: ImplementNewsService$$EnhancerBySpringCGLIB$$5f0b9463
2025-04-03 12:13:23 [INFO] com.mjc.school.controller.implementation.AuthorController - AuthorController initialized with service: ImplementAuthorService$$EnhancerBySpringCGLIB$$be1cb7fb
2025-04-03 12:13:23 [INFO] com.mjc.school.operation.OperationEngine - Initialized with 2 controllers: ArrayList
2025-04-03 12:13:23 [WARN] org.springframework.boot.autoconfigure.orm.jpa.JpaBaseConfiguration$JpaWebConfiguration - spring.jpa.open-in-view is enabled by default. Therefore, database queries may be performed during view rendering. Explicitly configure spring.jpa.open-in-view to disable this warning
2025-04-03 12:13:23 [INFO] org.apache.coyote.http11.Http11NioProtocol - Starting ProtocolHandler ["http-nio-8080"]
2025-04-03 12:13:23 [INFO] org.springframework.boot.web.embedded.tomcat.TomcatWebServer - Tomcat started on port(s): 8080 (http) with context path ''
2025-04-03 12:13:23 [INFO] com.mjc.school.Main - Started Main in 1.023 seconds (JVM running for 1.158)
2025-04-03 12:13:49 [INFO] org.springframework.boot.autoconfigure.logging.ConditionEvaluationReportLoggingListener - 

Error starting ApplicationContext. To display the conditions report re-run your application with 'debug' enabled.
2025-04-03 12:13:49 [ERROR] org.springframework.boot.SpringApplication - Application run failed
java.lang.IllegalStateException: Failed to execute CommandLineRunner
	at org.springframework.boot.SpringApplication.callRunner(SpringApplication.java:771)
	at org.springframework.boot.SpringApplication.callRunners(SpringApplication.java:752)
	at org.springframework.boot.SpringApplication.run(SpringApplication.java:314)
	at org.springframework.boot.SpringApplication.run(SpringApplication.java:1303)
	at org.springframework.boot.SpringApplication.run(SpringApplication.java:1292)
	at com.mjc.school.Main.main(Main.java:53)
Caused by: java.util.NoSuchElementException: No line found
	at java.base/java.util.Scanner.nextLine(Scanner.java:1651)
	at com.mjc.school.StartApplication.run(StartApplication.java:21)
	at com.mjc.school.Main.run(Main.java:64)
	at org.springframework.boot.SpringApplication.callRunner(SpringApplication.java:768)
	... 5 common frames omitted
2025-04-03 12:13:49 [INFO] org.springframework.orm.jpa.LocalContainerEntityManagerFactoryBean - Closing JPA EntityManagerFactory for persistence unit 'default'
2025-04-03 12:13:49 [INFO] org.hibernate.tool.schema.internal.SchemaDropperImpl$DelayedDropActionImpl - HHH000477: Starting delayed evictData of schema as part of SessionFactory shut-down'
2025-04-03 12:13:49 [INFO] com.zaxxer.hikari.HikariDataSource - HikariPool-1 - Shutdown initiated...
2025-04-03 12:13:49 [INFO] com.zaxxer.hikari.HikariDataSource - HikariPool-1 - Shutdown completed.
2025-04-03 12:13:49 [INFO] com.mjc.school.Main - [32mWe start method main() in Class Main[0m
2025-04-03 12:13:49 [INFO] org.hibernate.validator.internal.util.Version - HV000001: Hibernate Validator 6.2.5.Final
2025-04-03 12:13:49 [INFO] com.mjc.school.Main - Starting Main using Java 17.0.14 on Mac with PID 2215 (/Users/macpro/Desktop/code/MJC_School/stage3-module3-task/module-main/build/classes/java/main started by macpro in /Users/macpro/Desktop/code/MJC_School/stage3-module3-task)
2025-04-03 12:13:49 [DEBUG] com.mjc.school.Main - Running with Spring Boot v2.7.7, Spring v5.3.24
2025-04-03 12:13:49 [INFO] com.mjc.school.Main - No active profile set, falling back to 1 default profile: "default"
2025-04-03 12:13:50 [INFO] org.springframework.data.repository.config.RepositoryConfigurationDelegate - Bootstrapping Spring Data JPA repositories in DEFAULT mode.
2025-04-03 12:13:50 [INFO] org.springframework.data.repository.config.RepositoryConfigurationDelegate - Finished Spring Data repository scanning in 2 ms. Found 0 JPA repository interfaces.
2025-04-03 12:13:50 [INFO] org.springframework.boot.web.embedded.tomcat.TomcatWebServer - Tomcat initialized with port(s): 8080 (http)
2025-04-03 12:13:50 [INFO] org.apache.coyote.http11.Http11NioProtocol - Initializing ProtocolHandler ["http-nio-8080"]
2025-04-03 12:13:50 [INFO] org.apache.catalina.core.StandardService - Starting service [Tomcat]
2025-04-03 12:13:50 [INFO] org.apache.catalina.core.StandardEngine - Starting Servlet engine: [Apache Tomcat/9.0.70]
2025-04-03 12:13:50 [INFO] org.apache.catalina.core.ContainerBase.[Tomcat].[localhost].[/] - Initializing Spring embedded WebApplicationContext
2025-04-03 12:13:50 [INFO] org.springframework.boot.web.servlet.context.ServletWebServerApplicationContext - Root WebApplicationContext: initialization completed in 388 ms
2025-04-03 12:13:50 [INFO] com.zaxxer.hikari.HikariDataSource - HikariPool-1 - Starting...
2025-04-03 12:13:50 [INFO] com.zaxxer.hikari.HikariDataSource - HikariPool-1 - Start completed.
2025-04-03 12:13:50 [INFO] org.springframework.boot.autoconfigure.h2.H2ConsoleAutoConfiguration - H2 console available at '/h2-console'. Database available at 'jdbc:h2:mem:testdb'
2025-04-03 12:13:50 [INFO] org.hibernate.jpa.internal.util.LogHelper - HHH000204: Processing PersistenceUnitInfo [name: default]
2025-04-03 12:13:50 [INFO] org.hibernate.Version - HHH000412: Hibernate ORM core version 5.6.14.Final
2025-04-03 12:13:50 [INFO] org.hibernate.annotations.common.Version - HCANN000001: Hibernate Commons Annotations {5.1.2.Final}
2025-04-03 12:13:50 [INFO] org.hibernate.dialect.Dialect - HHH000400: Using dialect: org.hibernate.dialect.H2Dialect
2025-04-03 12:13:50 [INFO] org.hibernate.engine.transaction.jta.platform.internal.JtaPlatformInitiator - HHH000490: Using JtaPlatform implementation: [org.hibernate.engine.transaction.jta.platform.internal.NoJtaPlatform]
2025-04-03 12:13:50 [INFO] org.springframework.orm.jpa.LocalContainerEntityManagerFactoryBean - Initialized JPA EntityManagerFactory for persistence unit 'default'
2025-04-03 12:13:50 [INFO] com.mjc.school.controller.implementation.NewsController - NewsController initialized with service: ImplementNewsService$$EnhancerBySpringCGLIB$$4b6761f3
2025-04-03 12:13:50 [INFO] com.mjc.school.controller.implementation.AuthorController - AuthorController initialized with service: ImplementAuthorService$$EnhancerBySpringCGLIB$$aa78858b
2025-04-03 12:13:50 [INFO] com.mjc.school.operation.OperationEngine - Initialized with 2 controllers: ArrayList
2025-04-03 12:13:50 [WARN] org.springframework.boot.autoconfigure.orm.jpa.JpaBaseConfiguration$JpaWebConfiguration - spring.jpa.open-in-view is enabled by default. Therefore, database queries may be performed during view rendering. Explicitly configure spring.jpa.open-in-view to disable this warning
2025-04-03 12:13:50 [INFO] org.apache.coyote.http11.Http11NioProtocol - Starting ProtocolHandler ["http-nio-8080"]
2025-04-03 12:13:50 [INFO] org.springframework.boot.web.embedded.tomcat.TomcatWebServer - Tomcat started on port(s): 8080 (http) with context path ''
2025-04-03 12:13:50 [INFO] com.mjc.school.Main - Started Main in 1.023 seconds (JVM running for 1.165)
2025-04-03 12:14:30 [INFO] org.springframework.boot.autoconfigure.logging.ConditionEvaluationReportLoggingListener - 

Error starting ApplicationContext. To display the conditions report re-run your application with 'debug' enabled.
2025-04-03 12:14:30 [ERROR] org.springframework.boot.SpringApplication - Application run failed
java.lang.IllegalStateException: Failed to execute CommandLineRunner
	at org.springframework.boot.SpringApplication.callRunner(SpringApplication.java:771)
	at org.springframework.boot.SpringApplication.callRunners(SpringApplication.java:752)
	at org.springframework.boot.SpringApplication.run(SpringApplication.java:314)
	at org.springframework.boot.SpringApplication.run(SpringApplication.java:1303)
	at org.springframework.boot.SpringApplication.run(SpringApplication.java:1292)
	at com.mjc.school.Main.main(Main.java:53)
Caused by: java.util.NoSuchElementException: No line found
	at java.base/java.util.Scanner.nextLine(Scanner.java:1651)
	at com.mjc.school.StartApplication.run(StartApplication.java:21)
	at com.mjc.school.Main.run(Main.java:64)
	at org.springframework.boot.SpringApplication.callRunner(SpringApplication.java:768)
	... 5 common frames omitted
2025-04-03 12:14:30 [INFO] org.springframework.orm.jpa.LocalContainerEntityManagerFactoryBean - Closing JPA EntityManagerFactory for persistence unit 'default'
2025-04-03 12:14:30 [INFO] com.zaxxer.hikari.HikariDataSource - HikariPool-1 - Shutdown initiated...
2025-04-03 12:14:30 [INFO] com.zaxxer.hikari.HikariDataSource - HikariPool-1 - Shutdown completed.
2025-04-03 12:14:31 [INFO] com.mjc.school.Main - [32mWe start method main() in Class Main[0m
2025-04-03 12:14:31 [INFO] org.hibernate.validator.internal.util.Version - HV000001: Hibernate Validator 6.2.5.Final
2025-04-03 12:14:31 [INFO] com.mjc.school.Main - Starting Main using Java 17.0.14 on Mac with PID 2229 (/Users/macpro/Desktop/code/MJC_School/stage3-module3-task/module-main/build/classes/java/main started by macpro in /Users/macpro/Desktop/code/MJC_School/stage3-module3-task)
2025-04-03 12:14:31 [DEBUG] com.mjc.school.Main - Running with Spring Boot v2.7.7, Spring v5.3.24
2025-04-03 12:14:31 [INFO] com.mjc.school.Main - No active profile set, falling back to 1 default profile: "default"
2025-04-03 12:14:31 [INFO] org.springframework.data.repository.config.RepositoryConfigurationDelegate - Bootstrapping Spring Data JPA repositories in DEFAULT mode.
2025-04-03 12:14:31 [INFO] org.springframework.data.repository.config.RepositoryConfigurationDelegate - Finished Spring Data repository scanning in 3 ms. Found 0 JPA repository interfaces.
2025-04-03 12:14:31 [INFO] org.springframework.boot.web.embedded.tomcat.TomcatWebServer - Tomcat initialized with port(s): 8080 (http)
2025-04-03 12:14:31 [INFO] org.apache.coyote.http11.Http11NioProtocol - Initializing ProtocolHandler ["http-nio-8080"]
2025-04-03 12:14:31 [INFO] org.apache.catalina.core.StandardService - Starting service [Tomcat]
2025-04-03 12:14:31 [INFO] org.apache.catalina.core.StandardEngine - Starting Servlet engine: [Apache Tomcat/9.0.70]
2025-04-03 12:14:32 [INFO] org.apache.catalina.core.ContainerBase.[Tomcat].[localhost].[/] - Initializing Spring embedded WebApplicationContext
2025-04-03 12:14:32 [INFO] org.springframework.boot.web.servlet.context.ServletWebServerApplicationContext - Root WebApplicationContext: initialization completed in 360 ms
2025-04-03 12:14:32 [INFO] com.zaxxer.hikari.HikariDataSource - HikariPool-1 - Starting...
2025-04-03 12:14:32 [INFO] com.zaxxer.hikari.HikariDataSource - HikariPool-1 - Start completed.
2025-04-03 12:14:32 [INFO] org.springframework.boot.autoconfigure.h2.H2ConsoleAutoConfiguration - H2 console available at '/h2-console'. Database available at 'jdbc:h2:mem:testdb'
2025-04-03 12:14:32 [INFO] org.hibernate.jpa.internal.util.LogHelper - HHH000204: Processing PersistenceUnitInfo [name: default]
2025-04-03 12:14:32 [INFO] org.hibernate.Version - HHH000412: Hibernate ORM core version 5.6.14.Final
2025-04-03 12:14:32 [INFO] org.hibernate.annotations.common.Version - HCANN000001: Hibernate Commons Annotations {5.1.2.Final}
2025-04-03 12:14:32 [INFO] org.hibernate.dialect.Dialect - HHH000400: Using dialect: org.hibernate.dialect.H2Dialect
2025-04-03 12:14:32 [INFO] org.hibernate.engine.transaction.jta.platform.internal.JtaPlatformInitiator - HHH000490: Using JtaPlatform implementation: [org.hibernate.engine.transaction.jta.platform.internal.NoJtaPlatform]
2025-04-03 12:14:32 [INFO] org.springframework.orm.jpa.LocalContainerEntityManagerFactoryBean - Initialized JPA EntityManagerFactory for persistence unit 'default'
2025-04-03 12:14:32 [INFO] com.mjc.school.controller.implementation.NewsController - NewsController initialized with service: ImplementNewsService$$EnhancerBySpringCGLIB$$d66de255
2025-04-03 12:14:32 [INFO] com.mjc.school.controller.implementation.AuthorController - AuthorController initialized with service: ImplementAuthorService$$EnhancerBySpringCGLIB$$357f05ed
2025-04-03 12:14:32 [INFO] com.mjc.school.operation.OperationEngine - Initialized with 2 controllers: ArrayList
2025-04-03 12:14:32 [WARN] org.springframework.boot.autoconfigure.orm.jpa.JpaBaseConfiguration$JpaWebConfiguration - spring.jpa.open-in-view is enabled by default. Therefore, database queries may be performed during view rendering. Explicitly configure spring.jpa.open-in-view to disable this warning
2025-04-03 12:14:32 [INFO] org.apache.coyote.http11.Http11NioProtocol - Starting ProtocolHandler ["http-nio-8080"]
2025-04-03 12:14:32 [INFO] org.springframework.boot.web.embedded.tomcat.TomcatWebServer - Tomcat started on port(s): 8080 (http) with context path ''
2025-04-03 12:14:32 [INFO] com.mjc.school.Main - Started Main in 0.986 seconds (JVM running for 1.126)
2025-04-03 12:16:37 [INFO] org.springframework.boot.autoconfigure.logging.ConditionEvaluationReportLoggingListener - 

Error starting ApplicationContext. To display the conditions report re-run your application with 'debug' enabled.
2025-04-03 12:16:37 [ERROR] org.springframework.boot.SpringApplication - Application run failed
java.lang.IllegalStateException: Failed to execute CommandLineRunner
	at org.springframework.boot.SpringApplication.callRunner(SpringApplication.java:771)
	at org.springframework.boot.SpringApplication.callRunners(SpringApplication.java:752)
	at org.springframework.boot.SpringApplication.run(SpringApplication.java:314)
	at org.springframework.boot.SpringApplication.run(SpringApplication.java:1303)
	at org.springframework.boot.SpringApplication.run(SpringApplication.java:1292)
	at com.mjc.school.Main.main(Main.java:53)
Caused by: java.util.NoSuchElementException: No line found
	at java.base/java.util.Scanner.nextLine(Scanner.java:1651)
	at com.mjc.school.StartApplication.run(StartApplication.java:21)
	at com.mjc.school.Main.run(Main.java:64)
	at org.springframework.boot.SpringApplication.callRunner(SpringApplication.java:768)
	... 5 common frames omitted
2025-04-03 12:16:37 [INFO] org.springframework.orm.jpa.LocalContainerEntityManagerFactoryBean - Closing JPA EntityManagerFactory for persistence unit 'default'
2025-04-03 12:16:37 [INFO] com.zaxxer.hikari.HikariDataSource - HikariPool-1 - Shutdown initiated...
2025-04-03 12:16:37 [INFO] com.zaxxer.hikari.HikariDataSource - HikariPool-1 - Shutdown completed.
2025-04-03 12:16:38 [INFO] com.mjc.school.Main - [32mWe start method main() in Class Main[0m
2025-04-03 12:16:38 [INFO] org.hibernate.validator.internal.util.Version - HV000001: Hibernate Validator 6.2.5.Final
2025-04-03 12:16:38 [INFO] com.mjc.school.Main - Starting Main using Java 17.0.14 on Mac with PID 2258 (/Users/macpro/Desktop/code/MJC_School/stage3-module3-task/module-main/build/classes/java/main started by macpro in /Users/macpro/Desktop/code/MJC_School/stage3-module3-task)
2025-04-03 12:16:38 [DEBUG] com.mjc.school.Main - Running with Spring Boot v2.7.7, Spring v5.3.24
2025-04-03 12:16:38 [INFO] com.mjc.school.Main - No active profile set, falling back to 1 default profile: "default"
2025-04-03 12:16:38 [INFO] org.springframework.data.repository.config.RepositoryConfigurationDelegate - Bootstrapping Spring Data JPA repositories in DEFAULT mode.
2025-04-03 12:16:38 [INFO] org.springframework.data.repository.config.RepositoryConfigurationDelegate - Finished Spring Data repository scanning in 3 ms. Found 0 JPA repository interfaces.
2025-04-03 12:16:39 [INFO] org.springframework.boot.web.embedded.tomcat.TomcatWebServer - Tomcat initialized with port(s): 8080 (http)
2025-04-03 12:16:39 [INFO] org.apache.coyote.http11.Http11NioProtocol - Initializing ProtocolHandler ["http-nio-8080"]
2025-04-03 12:16:39 [INFO] org.apache.catalina.core.StandardService - Starting service [Tomcat]
2025-04-03 12:16:39 [INFO] org.apache.catalina.core.StandardEngine - Starting Servlet engine: [Apache Tomcat/9.0.70]
2025-04-03 12:16:39 [INFO] org.apache.catalina.core.ContainerBase.[Tomcat].[localhost].[/] - Initializing Spring embedded WebApplicationContext
2025-04-03 12:16:39 [INFO] org.springframework.boot.web.servlet.context.ServletWebServerApplicationContext - Root WebApplicationContext: initialization completed in 399 ms
2025-04-03 12:16:39 [INFO] com.zaxxer.hikari.HikariDataSource - HikariPool-1 - Starting...
2025-04-03 12:16:39 [INFO] com.zaxxer.hikari.HikariDataSource - HikariPool-1 - Start completed.
2025-04-03 12:16:39 [INFO] org.springframework.boot.autoconfigure.h2.H2ConsoleAutoConfiguration - H2 console available at '/h2-console'. Database available at 'jdbc:h2:mem:testdb'
2025-04-03 12:16:39 [INFO] org.hibernate.jpa.internal.util.LogHelper - HHH000204: Processing PersistenceUnitInfo [name: default]
2025-04-03 12:16:39 [INFO] org.hibernate.Version - HHH000412: Hibernate ORM core version 5.6.14.Final
2025-04-03 12:16:39 [INFO] org.hibernate.annotations.common.Version - HCANN000001: Hibernate Commons Annotations {5.1.2.Final}
2025-04-03 12:16:39 [INFO] org.hibernate.dialect.Dialect - HHH000400: Using dialect: org.hibernate.dialect.H2Dialect
2025-04-03 12:16:39 [INFO] org.hibernate.engine.transaction.jta.platform.internal.JtaPlatformInitiator - HHH000490: Using JtaPlatform implementation: [org.hibernate.engine.transaction.jta.platform.internal.NoJtaPlatform]
2025-04-03 12:16:39 [INFO] org.springframework.orm.jpa.LocalContainerEntityManagerFactoryBean - Initialized JPA EntityManagerFactory for persistence unit 'default'
2025-04-03 12:16:39 [INFO] com.mjc.school.controller.implementation.NewsController - NewsController initialized with service: ImplementNewsService$$EnhancerBySpringCGLIB$$6e6d7da7
2025-04-03 12:16:39 [INFO] com.mjc.school.controller.implementation.AuthorController - AuthorController initialized with service: ImplementAuthorService$$EnhancerBySpringCGLIB$$cd7ea13f
2025-04-03 12:16:39 [INFO] com.mjc.school.operation.OperationEngine - Initialized with 2 controllers: ArrayList
2025-04-03 12:16:39 [WARN] org.springframework.boot.autoconfigure.orm.jpa.JpaBaseConfiguration$JpaWebConfiguration - spring.jpa.open-in-view is enabled by default. Therefore, database queries may be performed during view rendering. Explicitly configure spring.jpa.open-in-view to disable this warning
2025-04-03 12:16:39 [INFO] org.apache.coyote.http11.Http11NioProtocol - Starting ProtocolHandler ["http-nio-8080"]
2025-04-03 12:16:39 [INFO] org.springframework.boot.web.embedded.tomcat.TomcatWebServer - Tomcat started on port(s): 8080 (http) with context path ''
2025-04-03 12:16:39 [INFO] com.mjc.school.Main - Started Main in 1.072 seconds (JVM running for 1.211)
2025-04-03 12:17:45 [INFO] com.mjc.school.operation.OperationEngine - Processing operation input: '0'
2025-04-03 12:17:45 [INFO] org.springframework.orm.jpa.LocalContainerEntityManagerFactoryBean - Closing JPA EntityManagerFactory for persistence unit 'default'
2025-04-03 12:17:45 [INFO] com.zaxxer.hikari.HikariDataSource - HikariPool-1 - Shutdown initiated...
2025-04-03 12:17:45 [INFO] com.zaxxer.hikari.HikariDataSource - HikariPool-1 - Shutdown completed.
2025-04-03 12:18:13 [INFO] com.mjc.school.Main - [32mWe start method main() in Class Main[0m
2025-04-03 12:18:13 [INFO] org.hibernate.validator.internal.util.Version - HV000001: Hibernate Validator 6.2.5.Final
2025-04-03 12:18:13 [INFO] com.mjc.school.Main - Starting Main using Java 17.0.14 on Mac with PID 2285 (/Users/macpro/Desktop/code/MJC_School/stage3-module3-task/module-main/build/classes/java/main started by macpro in /Users/macpro/Desktop/code/MJC_School/stage3-module3-task)
2025-04-03 12:18:13 [DEBUG] com.mjc.school.Main - Running with Spring Boot v2.7.7, Spring v5.3.24
2025-04-03 12:18:13 [INFO] com.mjc.school.Main - No active profile set, falling back to 1 default profile: "default"
2025-04-03 12:18:13 [INFO] org.springframework.data.repository.config.RepositoryConfigurationDelegate - Bootstrapping Spring Data JPA repositories in DEFAULT mode.
2025-04-03 12:18:13 [INFO] org.springframework.data.repository.config.RepositoryConfigurationDelegate - Finished Spring Data repository scanning in 3 ms. Found 0 JPA repository interfaces.
2025-04-03 12:18:13 [INFO] org.springframework.boot.web.embedded.tomcat.TomcatWebServer - Tomcat initialized with port(s): 8080 (http)
2025-04-03 12:18:13 [INFO] org.apache.coyote.http11.Http11NioProtocol - Initializing ProtocolHandler ["http-nio-8080"]
2025-04-03 12:18:13 [INFO] org.apache.catalina.core.StandardService - Starting service [Tomcat]
2025-04-03 12:18:13 [INFO] org.apache.catalina.core.StandardEngine - Starting Servlet engine: [Apache Tomcat/9.0.70]
2025-04-03 12:18:13 [INFO] org.apache.catalina.core.ContainerBase.[Tomcat].[localhost].[/] - Initializing Spring embedded WebApplicationContext
2025-04-03 12:18:13 [INFO] org.springframework.boot.web.servlet.context.ServletWebServerApplicationContext - Root WebApplicationContext: initialization completed in 384 ms
2025-04-03 12:18:13 [INFO] com.zaxxer.hikari.HikariDataSource - HikariPool-1 - Starting...
2025-04-03 12:18:13 [INFO] com.zaxxer.hikari.HikariDataSource - HikariPool-1 - Start completed.
2025-04-03 12:18:13 [INFO] org.springframework.boot.autoconfigure.h2.H2ConsoleAutoConfiguration - H2 console available at '/h2-console'. Database available at 'jdbc:h2:mem:testdb'
2025-04-03 12:18:13 [INFO] org.hibernate.jpa.internal.util.LogHelper - HHH000204: Processing PersistenceUnitInfo [name: default]
2025-04-03 12:18:13 [INFO] org.hibernate.Version - HHH000412: Hibernate ORM core version 5.6.14.Final
2025-04-03 12:18:13 [INFO] org.hibernate.annotations.common.Version - HCANN000001: Hibernate Commons Annotations {5.1.2.Final}
2025-04-03 12:18:13 [INFO] org.hibernate.dialect.Dialect - HHH000400: Using dialect: org.hibernate.dialect.H2Dialect
2025-04-03 12:18:13 [INFO] org.hibernate.engine.transaction.jta.platform.internal.JtaPlatformInitiator - HHH000490: Using JtaPlatform implementation: [org.hibernate.engine.transaction.jta.platform.internal.NoJtaPlatform]
2025-04-03 12:18:13 [INFO] org.springframework.orm.jpa.LocalContainerEntityManagerFactoryBean - Initialized JPA EntityManagerFactory for persistence unit 'default'
2025-04-03 12:18:13 [INFO] com.mjc.school.controller.implementation.NewsController - NewsController initialized with service: ImplementNewsService$$EnhancerBySpringCGLIB$$8860098d
2025-04-03 12:18:13 [INFO] com.mjc.school.controller.implementation.AuthorController - AuthorController initialized with service: ImplementAuthorService$$EnhancerBySpringCGLIB$$e7712d25
2025-04-03 12:18:13 [INFO] com.mjc.school.operation.OperationEngine - Initialized with 2 controllers: ArrayList
2025-04-03 12:18:14 [WARN] org.springframework.boot.autoconfigure.orm.jpa.JpaBaseConfiguration$JpaWebConfiguration - spring.jpa.open-in-view is enabled by default. Therefore, database queries may be performed during view rendering. Explicitly configure spring.jpa.open-in-view to disable this warning
2025-04-03 12:18:14 [INFO] org.apache.coyote.http11.Http11NioProtocol - Starting ProtocolHandler ["http-nio-8080"]
2025-04-03 12:18:14 [INFO] org.springframework.boot.web.embedded.tomcat.TomcatWebServer - Tomcat started on port(s): 8080 (http) with context path ''
2025-04-03 12:18:14 [INFO] com.mjc.school.Main - Started Main in 1.066 seconds (JVM running for 1.207)
2025-04-03 12:20:21 [INFO] com.mjc.school.operation.OperationEngine - Processing operation input: '0'
2025-04-03 12:20:21 [INFO] org.springframework.orm.jpa.LocalContainerEntityManagerFactoryBean - Closing JPA EntityManagerFactory for persistence unit 'default'
2025-04-03 12:20:21 [INFO] com.zaxxer.hikari.HikariDataSource - HikariPool-1 - Shutdown initiated...
2025-04-03 12:20:21 [INFO] com.zaxxer.hikari.HikariDataSource - HikariPool-1 - Shutdown completed.
